<?xml version="1.0" encoding="UTF-8"?>
<testsuites name="TS_Authentication_Complete" time="468.353" tests="35" failures="8" errors="0">
   <testsuite name="TS_Authentication_Complete" tests="35" failures="8" errors="0" time="468.353" skipped="0" timestamp="2026-05-15T19:53:27.874Z" hostname="User - 192.168.1.4" id="Test Suites/TS_Authentication_Complete">
      <properties>
[...]
</properties>
      <testcase name="Test Cases/Authentication/ResetPassword/TC_AUTH_035_ResetPassword_Page_Elements" time="23.455" classname="Test Cases/Authentication/ResetPassword/TC_AUTH_035_ResetPassword_Page_Elements" status="PASSED">
         <system-out><![CDATA[15-05-2026T22:53:30 - [TEST_CASE][PASSED] - Test Cases/Authentication/ResetPassword/TC_AUTH_035_ResetPassword_Page_Elements: Test Cases/Authentication/ResetPassword/TC_AUTH_035_ResetPassword_Page_Elements

15-05-2026T22:53:32 - [TEST_STEP][PASSED] - openBrowser(""): Browser is opened with url: ''

15-05-2026T22:53:33 - [MESSAGE][INFO] - Starting 'Edge Chromium' driver

15-05-2026T22:53:33 - [MESSAGE][INFO] - Action delay is set to 0 milliseconds

15-05-2026T22:53:39 - [MESSAGE][PASSED] - Browser is opened with url: ''

15-05-2026T22:53:39 - [TEST_STEP][PASSED] - maximizeWindow(): Current window maximized

15-05-2026T22:53:40 - [MESSAGE][PASSED] - Current window maximized

15-05-2026T22:53:40 - [TEST_STEP][PASSED] - resetPasswordHelper = new authentication.ResetPassword_Keywords(): null

15-05-2026T22:53:40 - [TEST_STEP][PASSED] - try: null

15-05-2026T22:53:40 - [TEST_STEP][PASSED] - validTokenFormat = "abc123def456ghi789jkl012mno345pqr678stu901": null

15-05-2026T22:53:40 - [TEST_STEP][PASSED] - resetPasswordHelper.navigateToResetPassword(validTokenFormat): Wait for page load successfully

15-05-2026T22:53:41 - [MESSAGE][PASSED] - Navigate to 'http://localhost:5173/reset-password/abc123def456ghi789jkl012mno345pqr678stu901' successfully

15-05-2026T22:53:41 - [MESSAGE][PASSED] - Wait for page load successfully

15-05-2026T22:53:41 - [TEST_STEP][PASSED] - delay(2): Delayed 2 second(s)

15-05-2026T22:53:44 - [MESSAGE][PASSED] - Delayed 2 second(s)

15-05-2026T22:53:44 - [TEST_STEP][PASSED] - verifyElementPresent(findTestObject("Authentication/ResetPasswordPage/pageTitle"), 10): Object 'Object Repository/Authentication/ResetPasswordPage/pageTitle' is present

15-05-2026T22:53:44 - [MESSAGE][PASSED] - Object 'Object Repository/Authentication/ResetPasswordPage/pageTitle' is present

15-05-2026T22:53:44 - [TEST_STEP][PASSED] - verifyElementPresent(findTestObject("Authentication/ResetPasswordPage/passwordLabel"), 10): Object 'Object Repository/Authentication/ResetPasswordPage/passwordLabel' is present

15-05-2026T22:53:45 - [MESSAGE][PASSED] - Object 'Object Repository/Authentication/ResetPasswordPage/passwordLabel' is present

15-05-2026T22:53:45 - [TEST_STEP][PASSED] - verifyElementPresent(findTestObject("Authentication/ResetPasswordPage/passwordInput"), 10): Object 'Object Repository/Authentication/ResetPasswordPage/passwordInput' is present

15-05-2026T22:53:45 - [MESSAGE][PASSED] - Object 'Object Repository/Authentication/ResetPasswordPage/passwordInput' is present

15-05-2026T22:53:45 - [TEST_STEP][PASSED] - verifyElementPresent(findTestObject("Authentication/ResetPasswordPage/confirmPasswordLabel"), 10): Object 'Object Repository/Authentication/ResetPasswordPage/confirmPasswordLabel' is present

15-05-2026T22:53:45 - [MESSAGE][PASSED] - Object 'Object Repository/Authentication/ResetPasswordPage/confirmPasswordLabel' is present

15-05-2026T22:53:45 - [TEST_STEP][PASSED] - verifyElementPresent(findTestObject("Authentication/ResetPasswordPage/confirmPasswordInput"), 10): Object 'Object Repository/Authentication/ResetPasswordPage/confirmPasswordInput' is present

15-05-2026T22:53:45 - [MESSAGE][PASSED] - Object 'Object Repository/Authentication/ResetPasswordPage/confirmPasswordInput' is present

15-05-2026T22:53:45 - [TEST_STEP][PASSED] - verifyElementPresent(findTestObject("Authentication/ResetPasswordPage/passwordRequirements"), 10): Object 'Object Repository/Authentication/ResetPasswordPage/passwordRequirements' is present

15-05-2026T22:53:46 - [MESSAGE][PASSED] - Object 'Object Repository/Authentication/ResetPasswordPage/passwordRequirements' is present

15-05-2026T22:53:46 - [TEST_STEP][PASSED] - verifyElementPresent(findTestObject("Authentication/ResetPasswordPage/resetButton"), 10): Object 'Object Repository/Authentication/ResetPasswordPage/resetButton' is present

15-05-2026T22:53:46 - [MESSAGE][PASSED] - Object 'Object Repository/Authentication/ResetPasswordPage/resetButton' is present

15-05-2026T22:53:46 - [TEST_STEP][PASSED] - verifyElementPresent(findTestObject("Authentication/ResetPasswordPage/returnToLoginLink"), 10): Object 'Object Repository/Authentication/ResetPasswordPage/returnToLoginLink' is present

15-05-2026T22:53:46 - [MESSAGE][PASSED] - Object 'Object Repository/Authentication/ResetPasswordPage/returnToLoginLink' is present

15-05-2026T22:53:46 - [TEST_STEP][PASSED] - println("✓ TC_AUTH_030 PASSED: All Reset Password page elements present"): null

15-05-2026T22:53:46 - [TEST_STEP][PASSED] - Finally: Browser is closed

15-05-2026T22:53:46 - [TEST_STEP][PASSED] - closeBrowser(): Browser is closed

15-05-2026T22:53:54 - [MESSAGE][PASSED] - Browser is closed]]></system-out>
         <system-err><![CDATA[]]></system-err>
      </testcase>
      <testcase name="Test Cases/Authentication/ResetPassword/TC_AUTH_034_ResetPassword_Invalid_Token" time="14.698" classname="Test Cases/Authentication/ResetPassword/TC_AUTH_034_ResetPassword_Invalid_Token" status="FAILED">
         <failure type="FAILED" message="Test Cases/Authentication/ResetPassword/TC_AUTH_034_ResetPassword_Invalid_Token FAILED.&#xa;Reason:&#xa;java.lang.AssertionError: Error message should be visible for invalid token. Expression: errorPresent. Values: errorPresent = false&#xa;	at Script.run(Script.groovy:20)&#xa;	at com.kms.katalon.core.main.ScriptEngine.run(ScriptEngine.java:194)&#xa;	at com.kms.katalon.core.main.ScriptEngine.runScriptAsRawText(ScriptEngine.java:119)&#xa;	at com.kms.katalon.core.main.TestCaseExecutor.runScript(TestCaseExecutor.java:490)&#xa;	at com.kms.katalon.core.main.TestCaseExecutor.doExecute(TestCaseExecutor.java:481)&#xa;	at com.kms.katalon.core.main.TestCaseExecutor.processExecutionPhase(TestCaseExecutor.java:460)&#xa;	at com.kms.katalon.core.main.TestCaseExecutor.accessMainPhase(TestCaseExecutor.java:452)&#xa;	at com.kms.katalon.core.main.TestCaseExecutor.execute(TestCaseExecutor.java:322)&#xa;	at com.kms.katalon.core.common.CommonExecutor.accessTestCaseMainPhase(CommonExecutor.java:71)&#xa;	at com.kms.katalon.core.main.TestSuiteExecutor.accessTestSuiteMainPhase(TestSuiteExecutor.java:153)&#xa;	at com.kms.katalon.core.main.TestSuiteExecutor.execute(TestSuiteExecutor.java:110)&#xa;	at com.kms.katalon.core.main.TestCaseMain.startTestSuite(TestCaseMain.java:205)&#xa;	at TempTestSuite1778874773664.run(TempTestSuite1778874773664.groovy:35)&#xa;	at java.base/jdk.internal.reflect.NativeMethodAccessorImpl.invoke0(Native Method)&#xa;	at java.base/jdk.internal.reflect.NativeMethodAccessorImpl.invoke(NativeMethodAccessorImpl.java:77)&#xa;	at java.base/jdk.internal.reflect.DelegatingMethodAccessorImpl.invoke(DelegatingMethodAccessorImpl.java:43)&#xa;"/>
         <system-out><![CDATA[15-05-2026T22:53:54 - [TEST_CASE][FAILED] - Test Cases/Authentication/ResetPassword/TC_AUTH_034_ResetPassword_Invalid_Token: Test Cases/Authentication/ResetPassword/TC_AUTH_034_ResetPassword_Invalid_Token FAILED.
Reason:
java.lang.AssertionError: Error message should be visible for invalid token. Expression: errorPresent. Values: errorPresent = false
	at Script.run(Script.groovy:20)
	at com.kms.katalon.core.main.ScriptEngine.run(ScriptEngine.java:194)
	at com.kms.katalon.core.main.ScriptEngine.runScriptAsRawText(ScriptEngine.java:119)
	at com.kms.katalon.core.main.TestCaseExecutor.runScript(TestCaseExecutor.java:490)
	at com.kms.katalon.core.main.TestCaseExecutor.doExecute(TestCaseExecutor.java:481)
	at com.kms.katalon.core.main.TestCaseExecutor.processExecutionPhase(TestCaseExecutor.java:460)
	at com.kms.katalon.core.main.TestCaseExecutor.accessMainPhase(TestCaseExecutor.java:452)
	at com.kms.katalon.core.main.TestCaseExecutor.execute(TestCaseExecutor.java:322)
	at com.kms.katalon.core.common.CommonExecutor.accessTestCaseMainPhase(CommonExecutor.java:71)
	at com.kms.katalon.core.main.TestSuiteExecutor.accessTestSuiteMainPhase(TestSuiteExecutor.java:153)
	at com.kms.katalon.core.main.TestSuiteExecutor.execute(TestSuiteExecutor.java:110)
	at com.kms.katalon.core.main.TestCaseMain.startTestSuite(TestCaseMain.java:205)
	at TempTestSuite1778874773664.run(TempTestSuite1778874773664.groovy:35)
	at java.base/jdk.internal.reflect.NativeMethodAccessorImpl.invoke0(Native Method)
	at java.base/jdk.internal.reflect.NativeMethodAccessorImpl.invoke(NativeMethodAccessorImpl.java:77)
	at java.base/jdk.internal.reflect.DelegatingMethodAccessorImpl.invoke(DelegatingMethodAccessorImpl.java:43)


15-05-2026T22:53:54 - [TEST_STEP][PASSED] - openBrowser(""): Browser is opened with url: ''

15-05-2026T22:53:54 - [MESSAGE][INFO] - Starting 'Edge Chromium' driver

15-05-2026T22:53:54 - [MESSAGE][INFO] - Action delay is set to 0 milliseconds

15-05-2026T22:53:55 - [MESSAGE][PASSED] - Browser is opened with url: ''

15-05-2026T22:53:55 - [TEST_STEP][PASSED] - maximizeWindow(): Current window maximized

15-05-2026T22:53:55 - [MESSAGE][PASSED] - Current window maximized

15-05-2026T22:53:55 - [TEST_STEP][PASSED] - resetPasswordHelper = new authentication.ResetPassword_Keywords(): null

15-05-2026T22:53:55 - [TEST_STEP][PASSED] - try: null

15-05-2026T22:53:55 - [TEST_STEP][PASSED] - invalidToken = "invalid-fake-token-123456": null

15-05-2026T22:53:55 - [TEST_STEP][PASSED] - resetPasswordHelper.navigateToResetPassword(invalidToken): Wait for page load successfully

15-05-2026T22:53:56 - [MESSAGE][PASSED] - Navigate to 'http://localhost:5173/reset-password/invalid-fake-token-123456' successfully

15-05-2026T22:53:56 - [MESSAGE][PASSED] - Wait for page load successfully

15-05-2026T22:53:56 - [TEST_STEP][PASSED] - delay(2): Delayed 2 second(s)

15-05-2026T22:53:58 - [MESSAGE][PASSED] - Delayed 2 second(s)

15-05-2026T22:53:58 - [TEST_STEP][WARNING] - errorPresent = verifyElementPresent(findTestObject("Authentication/ResetPasswordPage/invalidTokenMessage"), 10, OPTIONAL): com.kms.katalon.core.webui.exception.WebElementNotFoundException: Web element with id: 'Object Repository/Authentication/ResetPasswordPage/invalidTokenMessage' located by 'By.xpath: //p[contains(text(), 'Invalid or expired reset link')]' not found (Root cause: com.kms.katalon.core.exception.StepFailedException: com.kms.katalon.core.webui.exception.WebElementNotFoundException: Web element with id: 'Object Repository/Authentication/ResetPasswordPage/invalidTokenMessage' located by 'By.xpath: //p[contains(text(), 'Invalid or expired reset link')]' not found
	at com.kms.katalon.core.webui.keyword.internal.WebUIKeywordMain.stepFailed(WebUIKeywordMain.groovy:177)
	at com.kms.katalon.core.webui.keyword.builtin.VerifyElementPresentKeyword$_verifyElementPresent_closure1.doCall(VerifyElementPresentKeyword.groovy:88)
	at com.kms.katalon.core.webui.keyword.builtin.VerifyElementPresentKeyword$_verifyElementPresent_closure1.call(VerifyElementPresentKeyword.groovy)
	at com.kms.katalon.core.webui.keyword.internal.WebUIKeywordMain.runKeyword(WebUIKeywordMain.groovy:41)
	at com.kms.katalon.core.webui.keyword.builtin.VerifyElementPresentKeyword.verifyElementPresent(VerifyElementPresentKeyword.groovy:95)
	at com.kms.katalon.core.webui.keyword.builtin.VerifyElementPresentKeyword.execute(VerifyElementPresentKeyword.groovy:68)
	at com.kms.katalon.core.keyword.internal.KeywordExecutor.executeKeywordForPlatform(KeywordExecutor.groovy:90)
	at com.kms.katalon.core.webui.keyword.WebUiBuiltInKeywords.verifyElementPresent(WebUiBuiltInKeywords.groovy:1549)
	at Script.run(Script.groovy:15)
	at com.kms.katalon.core.main.ScriptEngine.run(ScriptEngine.java:194)
	at com.kms.katalon.core.main.ScriptEngine.runScriptAsRawText(ScriptEngine.java:119)
	at com.kms.katalon.core.main.TestCaseExecutor.runScript(TestCaseExecutor.java:490)
	at com.kms.katalon.core.main.TestCaseExecutor.doExecute(TestCaseExecutor.java:481)
	at com.kms.katalon.core.main.TestCaseExecutor.processExecutionPhase(TestCaseExecutor.java:460)
	at com.kms.katalon.core.main.TestCaseExecutor.accessMainPhase(TestCaseExecutor.java:452)
	at com.kms.katalon.core.main.TestCaseExecutor.execute(TestCaseExecutor.java:322)
	at com.kms.katalon.core.common.CommonExecutor.accessTestCaseMainPhase(CommonExecutor.java:71)
	at com.kms.katalon.core.main.TestSuiteExecutor.accessTestSuiteMainPhase(TestSuiteExecutor.java:153)
	at com.kms.katalon.core.main.TestSuiteExecutor.execute(TestSuiteExecutor.java:110)
	at com.kms.katalon.core.main.TestCaseMain.startTestSuite(TestCaseMain.java:205)
	at TempTestSuite1778874773664.run(TempTestSuite1778874773664.groovy:35)
	at java.base/jdk.internal.reflect.NativeMethodAccessorImpl.invoke0(Native Method)
	at java.base/jdk.internal.reflect.NativeMethodAccessorImpl.invoke(NativeMethodAccessorImpl.java:77)
	at java.base/jdk.internal.reflect.DelegatingMethodAccessorImpl.invoke(DelegatingMethodAccessorImpl.java:43)
)

15-05-2026T22:54:08 - [MESSAGE][WARNING] - com.kms.katalon.core.webui.exception.WebElementNotFoundException: Web element with id: 'Object Repository/Authentication/ResetPasswordPage/invalidTokenMessage' located by 'By.xpath: //p[contains(text(), 'Invalid or expired reset link')]' not found (Root cause: com.kms.katalon.core.exception.StepFailedException: com.kms.katalon.core.webui.exception.WebElementNotFoundException: Web element with id: 'Object Repository/Authentication/ResetPasswordPage/invalidTokenMessage' located by 'By.xpath: //p[contains(text(), 'Invalid or expired reset link')]' not found
	at com.kms.katalon.core.webui.keyword.internal.WebUIKeywordMain.stepFailed(WebUIKeywordMain.groovy:177)
	at com.kms.katalon.core.webui.keyword.builtin.VerifyElementPresentKeyword$_verifyElementPresent_closure1.doCall(VerifyElementPresentKeyword.groovy:88)
	at com.kms.katalon.core.webui.keyword.builtin.VerifyElementPresentKeyword$_verifyElementPresent_closure1.call(VerifyElementPresentKeyword.groovy)
	at com.kms.katalon.core.webui.keyword.internal.WebUIKeywordMain.runKeyword(WebUIKeywordMain.groovy:41)
	at com.kms.katalon.core.webui.keyword.builtin.VerifyElementPresentKeyword.verifyElementPresent(VerifyElementPresentKeyword.groovy:95)
	at com.kms.katalon.core.webui.keyword.builtin.VerifyElementPresentKeyword.execute(VerifyElementPresentKeyword.groovy:68)
	at com.kms.katalon.core.keyword.internal.KeywordExecutor.executeKeywordForPlatform(KeywordExecutor.groovy:90)
	at com.kms.katalon.core.webui.keyword.WebUiBuiltInKeywords.verifyElementPresent(WebUiBuiltInKeywords.groovy:1549)
	at Script.run(Script.groovy:15)
	at com.kms.katalon.core.main.ScriptEngine.run(ScriptEngine.java:194)
	at com.kms.katalon.core.main.ScriptEngine.runScriptAsRawText(ScriptEngine.java:119)
	at com.kms.katalon.core.main.TestCaseExecutor.runScript(TestCaseExecutor.java:490)
	at com.kms.katalon.core.main.TestCaseExecutor.doExecute(TestCaseExecutor.java:481)
	at com.kms.katalon.core.main.TestCaseExecutor.processExecutionPhase(TestCaseExecutor.java:460)
	at com.kms.katalon.core.main.TestCaseExecutor.accessMainPhase(TestCaseExecutor.java:452)
	at com.kms.katalon.core.main.TestCaseExecutor.execute(TestCaseExecutor.java:322)
	at com.kms.katalon.core.common.CommonExecutor.accessTestCaseMainPhase(CommonExecutor.java:71)
	at com.kms.katalon.core.main.TestSuiteExecutor.accessTestSuiteMainPhase(TestSuiteExecutor.java:153)
	at com.kms.katalon.core.main.TestSuiteExecutor.execute(TestSuiteExecutor.java:110)
	at com.kms.katalon.core.main.TestCaseMain.startTestSuite(TestCaseMain.java:205)
	at TempTestSuite1778874773664.run(TempTestSuite1778874773664.groovy:35)
	at java.base/jdk.internal.reflect.NativeMethodAccessorImpl.invoke0(Native Method)
	at java.base/jdk.internal.reflect.NativeMethodAccessorImpl.invoke(NativeMethodAccessorImpl.java:77)
	at java.base/jdk.internal.reflect.DelegatingMethodAccessorImpl.invoke(DelegatingMethodAccessorImpl.java:43)
)

15-05-2026T22:54:08 - [TEST_STEP][PASSED] - assert errorPresent : "Error message should be visible for invalid token": null

15-05-2026T22:54:08 - [TEST_STEP][FAILED] - Finally: Test Cases/Authentication/ResetPassword/TC_AUTH_034_ResetPassword_Invalid_Token FAILED.
Reason:
java.lang.AssertionError: Error message should be visible for invalid token. Expression: errorPresent. Values: errorPresent = false
	at Script.run(Script.groovy:20)
	at com.kms.katalon.core.main.ScriptEngine.run(ScriptEngine.java:194)
	at com.kms.katalon.core.main.ScriptEngine.runScriptAsRawText(ScriptEngine.java:119)
	at com.kms.katalon.core.main.TestCaseExecutor.runScript(TestCaseExecutor.java:490)
	at com.kms.katalon.core.main.TestCaseExecutor.doExecute(TestCaseExecutor.java:481)
	at com.kms.katalon.core.main.TestCaseExecutor.processExecutionPhase(TestCaseExecutor.java:460)
	at com.kms.katalon.core.main.TestCaseExecutor.accessMainPhase(TestCaseExecutor.java:452)
	at com.kms.katalon.core.main.TestCaseExecutor.execute(TestCaseExecutor.java:322)
	at com.kms.katalon.core.common.CommonExecutor.accessTestCaseMainPhase(CommonExecutor.java:71)
	at com.kms.katalon.core.main.TestSuiteExecutor.accessTestSuiteMainPhase(TestSuiteExecutor.java:153)
	at com.kms.katalon.core.main.TestSuiteExecutor.execute(TestSuiteExecutor.java:110)
	at com.kms.katalon.core.main.TestCaseMain.startTestSuite(TestCaseMain.java:205)
	at TempTestSuite1778874773664.run(TempTestSuite1778874773664.groovy:35)
	at java.base/jdk.internal.reflect.NativeMethodAccessorImpl.invoke0(Native Method)
	at java.base/jdk.internal.reflect.NativeMethodAccessorImpl.invoke(NativeMethodAccessorImpl.java:77)
	at java.base/jdk.internal.reflect.DelegatingMethodAccessorImpl.invoke(DelegatingMethodAccessorImpl.java:43)


15-05-2026T22:54:08 - [TEST_STEP][FAILED] - closeBrowser(): Test Cases/Authentication/ResetPassword/TC_AUTH_034_ResetPassword_Invalid_Token FAILED.
Reason:
java.lang.AssertionError: Error message should be visible for invalid token. Expression: errorPresent. Values: errorPresent = false
	at Script.run(Script.groovy:20)
	at com.kms.katalon.core.main.ScriptEngine.run(ScriptEngine.java:194)
	at com.kms.katalon.core.main.ScriptEngine.runScriptAsRawText(ScriptEngine.java:119)
	at com.kms.katalon.core.main.TestCaseExecutor.runScript(TestCaseExecutor.java:490)
	at com.kms.katalon.core.main.TestCaseExecutor.doExecute(TestCaseExecutor.java:481)
	at com.kms.katalon.core.main.TestCaseExecutor.processExecutionPhase(TestCaseExecutor.java:460)
	at com.kms.katalon.core.main.TestCaseExecutor.accessMainPhase(TestCaseExecutor.java:452)
	at com.kms.katalon.core.main.TestCaseExecutor.execute(TestCaseExecutor.java:322)
	at com.kms.katalon.core.common.CommonExecutor.accessTestCaseMainPhase(CommonExecutor.java:71)
	at com.kms.katalon.core.main.TestSuiteExecutor.accessTestSuiteMainPhase(TestSuiteExecutor.java:153)
	at com.kms.katalon.core.main.TestSuiteExecutor.execute(TestSuiteExecutor.java:110)
	at com.kms.katalon.core.main.TestCaseMain.startTestSuite(TestCaseMain.java:205)
	at TempTestSuite1778874773664.run(TempTestSuite1778874773664.groovy:35)
	at java.base/jdk.internal.reflect.NativeMethodAccessorImpl.invoke0(Native Method)
	at java.base/jdk.internal.reflect.NativeMethodAccessorImpl.invoke(NativeMethodAccessorImpl.java:77)
	at java.base/jdk.internal.reflect.DelegatingMethodAccessorImpl.invoke(DelegatingMethodAccessorImpl.java:43)


15-05-2026T22:54:08 - [MESSAGE][PASSED] - Browser is closed

15-05-2026T22:54:08 - [MESSAGE][FAILED] - Test Cases/Authentication/ResetPassword/TC_AUTH_034_ResetPassword_Invalid_Token FAILED.
Reason:
java.lang.AssertionError: Error message should be visible for invalid token. Expression: errorPresent. Values: errorPresent = false
	at Script.run(Script.groovy:20)
	at com.kms.katalon.core.main.ScriptEngine.run(ScriptEngine.java:194)
	at com.kms.katalon.core.main.ScriptEngine.runScriptAsRawText(ScriptEngine.java:119)
	at com.kms.katalon.core.main.TestCaseExecutor.runScript(TestCaseExecutor.java:490)
	at com.kms.katalon.core.main.TestCaseExecutor.doExecute(TestCaseExecutor.java:481)
	at com.kms.katalon.core.main.TestCaseExecutor.processExecutionPhase(TestCaseExecutor.java:460)
	at com.kms.katalon.core.main.TestCaseExecutor.accessMainPhase(TestCaseExecutor.java:452)
	at com.kms.katalon.core.main.TestCaseExecutor.execute(TestCaseExecutor.java:322)
	at com.kms.katalon.core.common.CommonExecutor.accessTestCaseMainPhase(CommonExecutor.java:71)
	at com.kms.katalon.core.main.TestSuiteExecutor.accessTestSuiteMainPhase(TestSuiteExecutor.java:153)
	at com.kms.katalon.core.main.TestSuiteExecutor.execute(TestSuiteExecutor.java:110)
	at com.kms.katalon.core.main.TestCaseMain.startTestSuite(TestCaseMain.java:205)
	at TempTestSuite1778874773664.run(TempTestSuite1778874773664.groovy:35)
	at java.base/jdk.internal.reflect.NativeMethodAccessorImpl.invoke0(Native Method)
	at java.base/jdk.internal.reflect.NativeMethodAccessorImpl.invoke(NativeMethodAccessorImpl.java:77)
	at java.base/jdk.internal.reflect.DelegatingMethodAccessorImpl.invoke(DelegatingMethodAccessorImpl.java:43)]]></system-out>
         <system-err><![CDATA[15-05-2026T22:53:54 - [TEST_CASE][FAILED] - Test Cases/Authentication/ResetPassword/TC_AUTH_034_ResetPassword_Invalid_Token: Test Cases/Authentication/ResetPassword/TC_AUTH_034_ResetPassword_Invalid_Token FAILED.
Reason:
java.lang.AssertionError: Error message should be visible for invalid token. Expression: errorPresent. Values: errorPresent = false
	at Script.run(Script.groovy:20)
	at com.kms.katalon.core.main.ScriptEngine.run(ScriptEngine.java:194)
	at com.kms.katalon.core.main.ScriptEngine.runScriptAsRawText(ScriptEngine.java:119)
	at com.kms.katalon.core.main.TestCaseExecutor.runScript(TestCaseExecutor.java:490)
	at com.kms.katalon.core.main.TestCaseExecutor.doExecute(TestCaseExecutor.java:481)
	at com.kms.katalon.core.main.TestCaseExecutor.processExecutionPhase(TestCaseExecutor.java:460)
	at com.kms.katalon.core.main.TestCaseExecutor.accessMainPhase(TestCaseExecutor.java:452)
	at com.kms.katalon.core.main.TestCaseExecutor.execute(TestCaseExecutor.java:322)
	at com.kms.katalon.core.common.CommonExecutor.accessTestCaseMainPhase(CommonExecutor.java:71)
	at com.kms.katalon.core.main.TestSuiteExecutor.accessTestSuiteMainPhase(TestSuiteExecutor.java:153)
	at com.kms.katalon.core.main.TestSuiteExecutor.execute(TestSuiteExecutor.java:110)
	at com.kms.katalon.core.main.TestCaseMain.startTestSuite(TestCaseMain.java:205)
	at TempTestSuite1778874773664.run(TempTestSuite1778874773664.groovy:35)
	at java.base/jdk.internal.reflect.NativeMethodAccessorImpl.invoke0(Native Method)
	at java.base/jdk.internal.reflect.NativeMethodAccessorImpl.invoke(NativeMethodAccessorImpl.java:77)
	at java.base/jdk.internal.reflect.DelegatingMethodAccessorImpl.invoke(DelegatingMethodAccessorImpl.java:43)]]></system-err>
      </testcase>
      <testcase name="Test Cases/Authentication/ResetPassword/TC_AUTH_033_ResetPassword_Password_Mismatch" time="13.807" classname="Test Cases/Authentication/ResetPassword/TC_AUTH_033_ResetPassword_Password_Mismatch" status="PASSED">
         <system-out><![CDATA[15-05-2026T22:54:08 - [TEST_CASE][PASSED] - Test Cases/Authentication/ResetPassword/TC_AUTH_033_ResetPassword_Password_Mismatch: Test Cases/Authentication/ResetPassword/TC_AUTH_033_ResetPassword_Password_Mismatch

15-05-2026T22:54:08 - [TEST_STEP][PASSED] - openBrowser(""): Browser is opened with url: ''

15-05-2026T22:54:08 - [MESSAGE][INFO] - Starting 'Edge Chromium' driver

15-05-2026T22:54:08 - [MESSAGE][INFO] - Action delay is set to 0 milliseconds

15-05-2026T22:54:09 - [MESSAGE][PASSED] - Browser is opened with url: ''

15-05-2026T22:54:09 - [TEST_STEP][PASSED] - maximizeWindow(): Current window maximized

15-05-2026T22:54:09 - [MESSAGE][PASSED] - Current window maximized

15-05-2026T22:54:09 - [TEST_STEP][PASSED] - resetPasswordHelper = new authentication.ResetPassword_Keywords(): null

15-05-2026T22:54:09 - [TEST_STEP][PASSED] - try: null

15-05-2026T22:54:09 - [TEST_STEP][PASSED] - validToken = "valid-test-token-abc123def456": null

15-05-2026T22:54:09 - [TEST_STEP][PASSED] - password = "Password123!@#": null

15-05-2026T22:54:09 - [TEST_STEP][PASSED] - confirmPassword = "DifferentPass456!@#": null

15-05-2026T22:54:09 - [TEST_STEP][PASSED] - resetPasswordHelper.resetPassword(validToken, password, confirmPassword): Delayed 3 second(s)

15-05-2026T22:54:10 - [MESSAGE][PASSED] - Navigate to 'http://localhost:5173/reset-password/valid-test-token-abc123def456' successfully

15-05-2026T22:54:10 - [MESSAGE][PASSED] - Wait for page load successfully

15-05-2026T22:54:12 - [MESSAGE][PASSED] - Delayed 2 second(s)

15-05-2026T22:54:13 - [MESSAGE][PASSED] - Text of object 'Object Repository/Authentication/ResetPasswordPage/passwordInput' is cleared

15-05-2026T22:54:13 - [MESSAGE][PASSED] - Text 'Password123!@#' is set on object 'Object Repository/Authentication/ResetPasswordPage/passwordInput'

15-05-2026T22:54:14 - [MESSAGE][PASSED] - Text of object 'Object Repository/Authentication/ResetPasswordPage/confirmPasswordInput' is cleared

15-05-2026T22:54:15 - [MESSAGE][PASSED] - Text 'DifferentPass456!@#' is set on object 'Object Repository/Authentication/ResetPasswordPage/confirmPasswordInput'

15-05-2026T22:54:15 - [MESSAGE][PASSED] - Object: 'Object Repository/Authentication/ResetPasswordPage/resetButton' is clicked on

15-05-2026T22:54:18 - [MESSAGE][PASSED] - Delayed 3 second(s)

15-05-2026T22:54:18 - [TEST_STEP][PASSED] - resetPasswordHelper.verifyResetPasswordError("password"): Text of object 'Object Repository/Authentication/ResetPasswordPage/errorMessage' is: 'Passwords do not match'

15-05-2026T22:54:19 - [MESSAGE][PASSED] - Object 'Object Repository/Authentication/ResetPasswordPage/errorMessage' is present

15-05-2026T22:54:19 - [MESSAGE][PASSED] - Text of object 'Object Repository/Authentication/ResetPasswordPage/errorMessage' is: 'Passwords do not match'

15-05-2026T22:54:19 - [TEST_STEP][PASSED] - println("✓ TC_AUTH_034 PASSED: Password mismatch error displayed correctly"): null

15-05-2026T22:54:19 - [TEST_STEP][PASSED] - Finally: Browser is closed

15-05-2026T22:54:19 - [TEST_STEP][PASSED] - closeBrowser(): Browser is closed

15-05-2026T22:54:22 - [MESSAGE][PASSED] - Browser is closed]]></system-out>
         <system-err><![CDATA[]]></system-err>
      </testcase>
      <testcase name="Test Cases/Authentication/ResetPassword/TC_AUTH_032_ResetPassword_Valid_Token" time="21.629" classname="Test Cases/Authentication/ResetPassword/TC_AUTH_032_ResetPassword_Valid_Token" status="FAILED">
         <failure type="FAILED" message="Test Cases/Authentication/ResetPassword/TC_AUTH_032_ResetPassword_Valid_Token FAILED.&#xa;Reason:&#xa;java.lang.AssertionError: Should redirect to login page, but current URL is: http://localhost:5173/reset-password/2df929b7cdcd84a0df074f20124f5a660f9b7ea41067c7a523a1db7015295baa. Expression: currentUrl.contains(/login)&#xa;	at Script.run(Script.groovy:34)&#xa;	at com.kms.katalon.core.main.ScriptEngine.run(ScriptEngine.java:194)&#xa;	at com.kms.katalon.core.main.ScriptEngine.runScriptAsRawText(ScriptEngine.java:119)&#xa;	at com.kms.katalon.core.main.TestCaseExecutor.runScript(TestCaseExecutor.java:490)&#xa;	at com.kms.katalon.core.main.TestCaseExecutor.doExecute(TestCaseExecutor.java:481)&#xa;	at com.kms.katalon.core.main.TestCaseExecutor.processExecutionPhase(TestCaseExecutor.java:460)&#xa;	at com.kms.katalon.core.main.TestCaseExecutor.accessMainPhase(TestCaseExecutor.java:452)&#xa;	at com.kms.katalon.core.main.TestCaseExecutor.execute(TestCaseExecutor.java:322)&#xa;	at com.kms.katalon.core.common.CommonExecutor.accessTestCaseMainPhase(CommonExecutor.java:71)&#xa;	at com.kms.katalon.core.main.TestSuiteExecutor.accessTestSuiteMainPhase(TestSuiteExecutor.java:153)&#xa;	at com.kms.katalon.core.main.TestSuiteExecutor.execute(TestSuiteExecutor.java:110)&#xa;	at com.kms.katalon.core.main.TestCaseMain.startTestSuite(TestCaseMain.java:205)&#xa;	at TempTestSuite1778874773664.run(TempTestSuite1778874773664.groovy:35)&#xa;	at java.base/jdk.internal.reflect.NativeMethodAccessorImpl.invoke0(Native Method)&#xa;	at java.base/jdk.internal.reflect.NativeMethodAccessorImpl.invoke(NativeMethodAccessorImpl.java:77)&#xa;	at java.base/jdk.internal.reflect.DelegatingMethodAccessorImpl.invoke(DelegatingMethodAccessorImpl.java:43)&#xa;"/>
         <system-out><![CDATA[15-05-2026T22:54:22 - [TEST_CASE][FAILED] - Test Cases/Authentication/ResetPassword/TC_AUTH_032_ResetPassword_Valid_Token: Test Cases/Authentication/ResetPassword/TC_AUTH_032_ResetPassword_Valid_Token FAILED.
Reason:
java.lang.AssertionError: Should redirect to login page, but current URL is: http://localhost:5173/reset-password/2df929b7cdcd84a0df074f20124f5a660f9b7ea41067c7a523a1db7015295baa. Expression: currentUrl.contains(/login)
	at Script.run(Script.groovy:34)
	at com.kms.katalon.core.main.ScriptEngine.run(ScriptEngine.java:194)
	at com.kms.katalon.core.main.ScriptEngine.runScriptAsRawText(ScriptEngine.java:119)
	at com.kms.katalon.core.main.TestCaseExecutor.runScript(TestCaseExecutor.java:490)
	at com.kms.katalon.core.main.TestCaseExecutor.doExecute(TestCaseExecutor.java:481)
	at com.kms.katalon.core.main.TestCaseExecutor.processExecutionPhase(TestCaseExecutor.java:460)
	at com.kms.katalon.core.main.TestCaseExecutor.accessMainPhase(TestCaseExecutor.java:452)
	at com.kms.katalon.core.main.TestCaseExecutor.execute(TestCaseExecutor.java:322)
	at com.kms.katalon.core.common.CommonExecutor.accessTestCaseMainPhase(CommonExecutor.java:71)
	at com.kms.katalon.core.main.TestSuiteExecutor.accessTestSuiteMainPhase(TestSuiteExecutor.java:153)
	at com.kms.katalon.core.main.TestSuiteExecutor.execute(TestSuiteExecutor.java:110)
	at com.kms.katalon.core.main.TestCaseMain.startTestSuite(TestCaseMain.java:205)
	at TempTestSuite1778874773664.run(TempTestSuite1778874773664.groovy:35)
	at java.base/jdk.internal.reflect.NativeMethodAccessorImpl.invoke0(Native Method)
	at java.base/jdk.internal.reflect.NativeMethodAccessorImpl.invoke(NativeMethodAccessorImpl.java:77)
	at java.base/jdk.internal.reflect.DelegatingMethodAccessorImpl.invoke(DelegatingMethodAccessorImpl.java:43)


15-05-2026T22:54:22 - [TEST_STEP][PASSED] - openBrowser(""): Browser is opened with url: ''

15-05-2026T22:54:22 - [MESSAGE][INFO] - Starting 'Edge Chromium' driver

15-05-2026T22:54:22 - [MESSAGE][INFO] - Action delay is set to 0 milliseconds

15-05-2026T22:54:23 - [MESSAGE][PASSED] - Browser is opened with url: ''

15-05-2026T22:54:23 - [TEST_STEP][PASSED] - maximizeWindow(): Current window maximized

15-05-2026T22:54:24 - [MESSAGE][PASSED] - Current window maximized

15-05-2026T22:54:24 - [TEST_STEP][PASSED] - resetPasswordHelper = new authentication.ResetPassword_Keywords(): null

15-05-2026T22:54:24 - [TEST_STEP][PASSED] - loginHelper = new authentication.Login_Keywords(): null

15-05-2026T22:54:24 - [TEST_STEP][PASSED] - try: null

15-05-2026T22:54:24 - [TEST_STEP][PASSED] - testEmail = "testing@gmail.com": null

15-05-2026T22:54:24 - [TEST_STEP][PASSED] - validToken = "2df929b7cdcd84a0df074f20124f5a660f9b7ea41067c7a523a1db7015295baa": null

15-05-2026T22:54:24 - [TEST_STEP][PASSED] - newPassword = "NewSecurePass123!@#": null

15-05-2026T22:54:24 - [TEST_STEP][PASSED] - confirmPassword = "NewSecurePass123!@#": null

15-05-2026T22:54:24 - [TEST_STEP][PASSED] - resetPasswordHelper.resetPassword(validToken, newPassword, confirmPassword): Delayed 3 second(s)

15-05-2026T22:54:24 - [MESSAGE][PASSED] - Navigate to 'http://localhost:5173/reset-password/2df929b7cdcd84a0df074f20124f5a660f9b7ea41067c7a523a1db7015295baa' successfully

15-05-2026T22:54:24 - [MESSAGE][PASSED] - Wait for page load successfully

15-05-2026T22:54:26 - [MESSAGE][PASSED] - Delayed 2 second(s)

15-05-2026T22:54:27 - [MESSAGE][PASSED] - Text of object 'Object Repository/Authentication/ResetPasswordPage/passwordInput' is cleared

15-05-2026T22:54:28 - [MESSAGE][PASSED] - Text 'NewSecurePass123!@#' is set on object 'Object Repository/Authentication/ResetPasswordPage/passwordInput'

15-05-2026T22:54:28 - [MESSAGE][PASSED] - Text of object 'Object Repository/Authentication/ResetPasswordPage/confirmPasswordInput' is cleared

15-05-2026T22:54:29 - [MESSAGE][PASSED] - Text 'NewSecurePass123!@#' is set on object 'Object Repository/Authentication/ResetPasswordPage/confirmPasswordInput'

15-05-2026T22:54:30 - [MESSAGE][PASSED] - Object: 'Object Repository/Authentication/ResetPasswordPage/resetButton' is clicked on

15-05-2026T22:54:33 - [MESSAGE][PASSED] - Delayed 3 second(s)

15-05-2026T22:54:33 - [TEST_STEP][WARNING] - successMessagePresent = verifyElementPresent(findTestObject("Authentication/ResetPasswordPage/successMessage"), 10, OPTIONAL): com.kms.katalon.core.webui.exception.WebElementNotFoundException: Web element with id: 'Object Repository/Authentication/ResetPasswordPage/successMessage' located by 'By.xpath: //p[contains(@class, 'text-green-500')]' not found (Root cause: com.kms.katalon.core.exception.StepFailedException: com.kms.katalon.core.webui.exception.WebElementNotFoundException: Web element with id: 'Object Repository/Authentication/ResetPasswordPage/successMessage' located by 'By.xpath: //p[contains(@class, 'text-green-500')]' not found
	at com.kms.katalon.core.webui.keyword.internal.WebUIKeywordMain.stepFailed(WebUIKeywordMain.groovy:177)
	at com.kms.katalon.core.webui.keyword.builtin.VerifyElementPresentKeyword$_verifyElementPresent_closure1.doCall(VerifyElementPresentKeyword.groovy:88)
	at com.kms.katalon.core.webui.keyword.builtin.VerifyElementPresentKeyword$_verifyElementPresent_closure1.call(VerifyElementPresentKeyword.groovy)
	at com.kms.katalon.core.webui.keyword.internal.WebUIKeywordMain.runKeyword(WebUIKeywordMain.groovy:41)
	at com.kms.katalon.core.webui.keyword.builtin.VerifyElementPresentKeyword.verifyElementPresent(VerifyElementPresentKeyword.groovy:95)
	at com.kms.katalon.core.webui.keyword.builtin.VerifyElementPresentKeyword.execute(VerifyElementPresentKeyword.groovy:68)
	at com.kms.katalon.core.keyword.internal.KeywordExecutor.executeKeywordForPlatform(KeywordExecutor.groovy:90)
	at com.kms.katalon.core.webui.keyword.WebUiBuiltInKeywords.verifyElementPresent(WebUiBuiltInKeywords.groovy:1549)
	at Script.run(Script.groovy:20)
	at com.kms.katalon.core.main.ScriptEngine.run(ScriptEngine.java:194)
	at com.kms.katalon.core.main.ScriptEngine.runScriptAsRawText(ScriptEngine.java:119)
	at com.kms.katalon.core.main.TestCaseExecutor.runScript(TestCaseExecutor.java:490)
	at com.kms.katalon.core.main.TestCaseExecutor.doExecute(TestCaseExecutor.java:481)
	at com.kms.katalon.core.main.TestCaseExecutor.processExecutionPhase(TestCaseExecutor.java:460)
	at com.kms.katalon.core.main.TestCaseExecutor.accessMainPhase(TestCaseExecutor.java:452)
	at com.kms.katalon.core.main.TestCaseExecutor.execute(TestCaseExecutor.java:322)
	at com.kms.katalon.core.common.CommonExecutor.accessTestCaseMainPhase(CommonExecutor.java:71)
	at com.kms.katalon.core.main.TestSuiteExecutor.accessTestSuiteMainPhase(TestSuiteExecutor.java:153)
	at com.kms.katalon.core.main.TestSuiteExecutor.execute(TestSuiteExecutor.java:110)
	at com.kms.katalon.core.main.TestCaseMain.startTestSuite(TestCaseMain.java:205)
	at TempTestSuite1778874773664.run(TempTestSuite1778874773664.groovy:35)
	at java.base/jdk.internal.reflect.NativeMethodAccessorImpl.invoke0(Native Method)
	at java.base/jdk.internal.reflect.NativeMethodAccessorImpl.invoke(NativeMethodAccessorImpl.java:77)
	at java.base/jdk.internal.reflect.DelegatingMethodAccessorImpl.invoke(DelegatingMethodAccessorImpl.java:43)
)

15-05-2026T22:54:43 - [MESSAGE][WARNING] - com.kms.katalon.core.webui.exception.WebElementNotFoundException: Web element with id: 'Object Repository/Authentication/ResetPasswordPage/successMessage' located by 'By.xpath: //p[contains(@class, 'text-green-500')]' not found (Root cause: com.kms.katalon.core.exception.StepFailedException: com.kms.katalon.core.webui.exception.WebElementNotFoundException: Web element with id: 'Object Repository/Authentication/ResetPasswordPage/successMessage' located by 'By.xpath: //p[contains(@class, 'text-green-500')]' not found
	at com.kms.katalon.core.webui.keyword.internal.WebUIKeywordMain.stepFailed(WebUIKeywordMain.groovy:177)
	at com.kms.katalon.core.webui.keyword.builtin.VerifyElementPresentKeyword$_verifyElementPresent_closure1.doCall(VerifyElementPresentKeyword.groovy:88)
	at com.kms.katalon.core.webui.keyword.builtin.VerifyElementPresentKeyword$_verifyElementPresent_closure1.call(VerifyElementPresentKeyword.groovy)
	at com.kms.katalon.core.webui.keyword.internal.WebUIKeywordMain.runKeyword(WebUIKeywordMain.groovy:41)
	at com.kms.katalon.core.webui.keyword.builtin.VerifyElementPresentKeyword.verifyElementPresent(VerifyElementPresentKeyword.groovy:95)
	at com.kms.katalon.core.webui.keyword.builtin.VerifyElementPresentKeyword.execute(VerifyElementPresentKeyword.groovy:68)
	at com.kms.katalon.core.keyword.internal.KeywordExecutor.executeKeywordForPlatform(KeywordExecutor.groovy:90)
	at com.kms.katalon.core.webui.keyword.WebUiBuiltInKeywords.verifyElementPresent(WebUiBuiltInKeywords.groovy:1549)
	at Script.run(Script.groovy:20)
	at com.kms.katalon.core.main.ScriptEngine.run(ScriptEngine.java:194)
	at com.kms.katalon.core.main.ScriptEngine.runScriptAsRawText(ScriptEngine.java:119)
	at com.kms.katalon.core.main.TestCaseExecutor.runScript(TestCaseExecutor.java:490)
	at com.kms.katalon.core.main.TestCaseExecutor.doExecute(TestCaseExecutor.java:481)
	at com.kms.katalon.core.main.TestCaseExecutor.processExecutionPhase(TestCaseExecutor.java:460)
	at com.kms.katalon.core.main.TestCaseExecutor.accessMainPhase(TestCaseExecutor.java:452)
	at com.kms.katalon.core.main.TestCaseExecutor.execute(TestCaseExecutor.java:322)
	at com.kms.katalon.core.common.CommonExecutor.accessTestCaseMainPhase(CommonExecutor.java:71)
	at com.kms.katalon.core.main.TestSuiteExecutor.accessTestSuiteMainPhase(TestSuiteExecutor.java:153)
	at com.kms.katalon.core.main.TestSuiteExecutor.execute(TestSuiteExecutor.java:110)
	at com.kms.katalon.core.main.TestCaseMain.startTestSuite(TestCaseMain.java:205)
	at TempTestSuite1778874773664.run(TempTestSuite1778874773664.groovy:35)
	at java.base/jdk.internal.reflect.NativeMethodAccessorImpl.invoke0(Native Method)
	at java.base/jdk.internal.reflect.NativeMethodAccessorImpl.invoke(NativeMethodAccessorImpl.java:77)
	at java.base/jdk.internal.reflect.DelegatingMethodAccessorImpl.invoke(DelegatingMethodAccessorImpl.java:43)
)

15-05-2026T22:54:43 - [TEST_STEP][PASSED] - if (successMessagePresent): null

15-05-2026T22:54:43 - [TEST_STEP][PASSED] - currentUrl = getUrl(): Current window's url is: 'http://localhost:5173/reset-password/2df929b7cdcd84a0df074f20124f5a660f9b7ea41067c7a523a1db7015295baa'

15-05-2026T22:54:43 - [MESSAGE][PASSED] - Current window's url is: 'http://localhost:5173/reset-password/2df929b7cdcd84a0df074f20124f5a660f9b7ea41067c7a523a1db7015295baa'

15-05-2026T22:54:43 - [TEST_STEP][PASSED] - assert currentUrl.contains("/login"): null

15-05-2026T22:54:43 - [TEST_STEP][FAILED] - Finally: Test Cases/Authentication/ResetPassword/TC_AUTH_032_ResetPassword_Valid_Token FAILED.
Reason:
java.lang.AssertionError: Should redirect to login page, but current URL is: http://localhost:5173/reset-password/2df929b7cdcd84a0df074f20124f5a660f9b7ea41067c7a523a1db7015295baa. Expression: currentUrl.contains(/login)
	at Script.run(Script.groovy:34)
	at com.kms.katalon.core.main.ScriptEngine.run(ScriptEngine.java:194)
	at com.kms.katalon.core.main.ScriptEngine.runScriptAsRawText(ScriptEngine.java:119)
	at com.kms.katalon.core.main.TestCaseExecutor.runScript(TestCaseExecutor.java:490)
	at com.kms.katalon.core.main.TestCaseExecutor.doExecute(TestCaseExecutor.java:481)
	at com.kms.katalon.core.main.TestCaseExecutor.processExecutionPhase(TestCaseExecutor.java:460)
	at com.kms.katalon.core.main.TestCaseExecutor.accessMainPhase(TestCaseExecutor.java:452)
	at com.kms.katalon.core.main.TestCaseExecutor.execute(TestCaseExecutor.java:322)
	at com.kms.katalon.core.common.CommonExecutor.accessTestCaseMainPhase(CommonExecutor.java:71)
	at com.kms.katalon.core.main.TestSuiteExecutor.accessTestSuiteMainPhase(TestSuiteExecutor.java:153)
	at com.kms.katalon.core.main.TestSuiteExecutor.execute(TestSuiteExecutor.java:110)
	at com.kms.katalon.core.main.TestCaseMain.startTestSuite(TestCaseMain.java:205)
	at TempTestSuite1778874773664.run(TempTestSuite1778874773664.groovy:35)
	at java.base/jdk.internal.reflect.NativeMethodAccessorImpl.invoke0(Native Method)
	at java.base/jdk.internal.reflect.NativeMethodAccessorImpl.invoke(NativeMethodAccessorImpl.java:77)
	at java.base/jdk.internal.reflect.DelegatingMethodAccessorImpl.invoke(DelegatingMethodAccessorImpl.java:43)


15-05-2026T22:54:43 - [TEST_STEP][FAILED] - closeBrowser(): Test Cases/Authentication/ResetPassword/TC_AUTH_032_ResetPassword_Valid_Token FAILED.
Reason:
java.lang.AssertionError: Should redirect to login page, but current URL is: http://localhost:5173/reset-password/2df929b7cdcd84a0df074f20124f5a660f9b7ea41067c7a523a1db7015295baa. Expression: currentUrl.contains(/login)
	at Script.run(Script.groovy:34)
	at com.kms.katalon.core.main.ScriptEngine.run(ScriptEngine.java:194)
	at com.kms.katalon.core.main.ScriptEngine.runScriptAsRawText(ScriptEngine.java:119)
	at com.kms.katalon.core.main.TestCaseExecutor.runScript(TestCaseExecutor.java:490)
	at com.kms.katalon.core.main.TestCaseExecutor.doExecute(TestCaseExecutor.java:481)
	at com.kms.katalon.core.main.TestCaseExecutor.processExecutionPhase(TestCaseExecutor.java:460)
	at com.kms.katalon.core.main.TestCaseExecutor.accessMainPhase(TestCaseExecutor.java:452)
	at com.kms.katalon.core.main.TestCaseExecutor.execute(TestCaseExecutor.java:322)
	at com.kms.katalon.core.common.CommonExecutor.accessTestCaseMainPhase(CommonExecutor.java:71)
	at com.kms.katalon.core.main.TestSuiteExecutor.accessTestSuiteMainPhase(TestSuiteExecutor.java:153)
	at com.kms.katalon.core.main.TestSuiteExecutor.execute(TestSuiteExecutor.java:110)
	at com.kms.katalon.core.main.TestCaseMain.startTestSuite(TestCaseMain.java:205)
	at TempTestSuite1778874773664.run(TempTestSuite1778874773664.groovy:35)
	at java.base/jdk.internal.reflect.NativeMethodAccessorImpl.invoke0(Native Method)
	at java.base/jdk.internal.reflect.NativeMethodAccessorImpl.invoke(NativeMethodAccessorImpl.java:77)
	at java.base/jdk.internal.reflect.DelegatingMethodAccessorImpl.invoke(DelegatingMethodAccessorImpl.java:43)


15-05-2026T22:54:44 - [MESSAGE][PASSED] - Browser is closed

15-05-2026T22:54:44 - [MESSAGE][FAILED] - Test Cases/Authentication/ResetPassword/TC_AUTH_032_ResetPassword_Valid_Token FAILED.
Reason:
java.lang.AssertionError: Should redirect to login page, but current URL is: http://localhost:5173/reset-password/2df929b7cdcd84a0df074f20124f5a660f9b7ea41067c7a523a1db7015295baa. Expression: currentUrl.contains(/login)
	at Script.run(Script.groovy:34)
	at com.kms.katalon.core.main.ScriptEngine.run(ScriptEngine.java:194)
	at com.kms.katalon.core.main.ScriptEngine.runScriptAsRawText(ScriptEngine.java:119)
	at com.kms.katalon.core.main.TestCaseExecutor.runScript(TestCaseExecutor.java:490)
	at com.kms.katalon.core.main.TestCaseExecutor.doExecute(TestCaseExecutor.java:481)
	at com.kms.katalon.core.main.TestCaseExecutor.processExecutionPhase(TestCaseExecutor.java:460)
	at com.kms.katalon.core.main.TestCaseExecutor.accessMainPhase(TestCaseExecutor.java:452)
	at com.kms.katalon.core.main.TestCaseExecutor.execute(TestCaseExecutor.java:322)
	at com.kms.katalon.core.common.CommonExecutor.accessTestCaseMainPhase(CommonExecutor.java:71)
	at com.kms.katalon.core.main.TestSuiteExecutor.accessTestSuiteMainPhase(TestSuiteExecutor.java:153)
	at com.kms.katalon.core.main.TestSuiteExecutor.execute(TestSuiteExecutor.java:110)
	at com.kms.katalon.core.main.TestCaseMain.startTestSuite(TestCaseMain.java:205)
	at TempTestSuite1778874773664.run(TempTestSuite1778874773664.groovy:35)
	at java.base/jdk.internal.reflect.NativeMethodAccessorImpl.invoke0(Native Method)
	at java.base/jdk.internal.reflect.NativeMethodAccessorImpl.invoke(NativeMethodAccessorImpl.java:77)
	at java.base/jdk.internal.reflect.DelegatingMethodAccessorImpl.invoke(DelegatingMethodAccessorImpl.java:43)]]></system-out>
         <system-err><![CDATA[15-05-2026T22:54:22 - [TEST_CASE][FAILED] - Test Cases/Authentication/ResetPassword/TC_AUTH_032_ResetPassword_Valid_Token: Test Cases/Authentication/ResetPassword/TC_AUTH_032_ResetPassword_Valid_Token FAILED.
Reason:
java.lang.AssertionError: Should redirect to login page, but current URL is: http://localhost:5173/reset-password/2df929b7cdcd84a0df074f20124f5a660f9b7ea41067c7a523a1db7015295baa. Expression: currentUrl.contains(/login)
	at Script.run(Script.groovy:34)
	at com.kms.katalon.core.main.ScriptEngine.run(ScriptEngine.java:194)
	at com.kms.katalon.core.main.ScriptEngine.runScriptAsRawText(ScriptEngine.java:119)
	at com.kms.katalon.core.main.TestCaseExecutor.runScript(TestCaseExecutor.java:490)
	at com.kms.katalon.core.main.TestCaseExecutor.doExecute(TestCaseExecutor.java:481)
	at com.kms.katalon.core.main.TestCaseExecutor.processExecutionPhase(TestCaseExecutor.java:460)
	at com.kms.katalon.core.main.TestCaseExecutor.accessMainPhase(TestCaseExecutor.java:452)
	at com.kms.katalon.core.main.TestCaseExecutor.execute(TestCaseExecutor.java:322)
	at com.kms.katalon.core.common.CommonExecutor.accessTestCaseMainPhase(CommonExecutor.java:71)
	at com.kms.katalon.core.main.TestSuiteExecutor.accessTestSuiteMainPhase(TestSuiteExecutor.java:153)
	at com.kms.katalon.core.main.TestSuiteExecutor.execute(TestSuiteExecutor.java:110)
	at com.kms.katalon.core.main.TestCaseMain.startTestSuite(TestCaseMain.java:205)
	at TempTestSuite1778874773664.run(TempTestSuite1778874773664.groovy:35)
	at java.base/jdk.internal.reflect.NativeMethodAccessorImpl.invoke0(Native Method)
	at java.base/jdk.internal.reflect.NativeMethodAccessorImpl.invoke(NativeMethodAccessorImpl.java:77)
	at java.base/jdk.internal.reflect.DelegatingMethodAccessorImpl.invoke(DelegatingMethodAccessorImpl.java:43)]]></system-err>
      </testcase>
      <testcase name="Test Cases/Authentication/Register/TC_AUTH_027_Register_Role_Persistence" time="28.452" classname="Test Cases/Authentication/Register/TC_AUTH_027_Register_Role_Persistence" status="FAILED">
         <failure type="FAILED" message="Test Cases/Authentication/Register/TC_AUTH_027_Register_Role_Persistence FAILED.&#xa;Reason:&#xa;java.lang.AssertionError: Cannot access profile page. URL: http://localhost:5173/login. Expression: profileUrl.contains(/profile)&#xa;	at TC_AUTH_027_Register_Role_Persistence.run(TC_AUTH_027_Register_Role_Persistence:35)&#xa;	at com.kms.katalon.core.main.ScriptEngine.run(ScriptEngine.java:194)&#xa;	at com.kms.katalon.core.main.ScriptEngine.runScriptAsRawText(ScriptEngine.java:119)&#xa;	at com.kms.katalon.core.main.TestCaseExecutor.runScript(TestCaseExecutor.java:490)&#xa;	at com.kms.katalon.core.main.TestCaseExecutor.doExecute(TestCaseExecutor.java:481)&#xa;	at com.kms.katalon.core.main.TestCaseExecutor.processExecutionPhase(TestCaseExecutor.java:460)&#xa;	at com.kms.katalon.core.main.TestCaseExecutor.accessMainPhase(TestCaseExecutor.java:452)&#xa;	at com.kms.katalon.core.main.TestCaseExecutor.execute(TestCaseExecutor.java:322)&#xa;	at com.kms.katalon.core.common.CommonExecutor.accessTestCaseMainPhase(CommonExecutor.java:71)&#xa;	at com.kms.katalon.core.main.TestSuiteExecutor.accessTestSuiteMainPhase(TestSuiteExecutor.java:153)&#xa;	at com.kms.katalon.core.main.TestSuiteExecutor.execute(TestSuiteExecutor.java:110)&#xa;	at com.kms.katalon.core.main.TestCaseMain.startTestSuite(TestCaseMain.java:205)&#xa;	at TempTestSuite1778874773664.run(TempTestSuite1778874773664.groovy:35)&#xa;	at java.base/jdk.internal.reflect.NativeMethodAccessorImpl.invoke0(Native Method)&#xa;	at java.base/jdk.internal.reflect.NativeMethodAccessorImpl.invoke(NativeMethodAccessorImpl.java:77)&#xa;	at java.base/jdk.internal.reflect.DelegatingMethodAccessorImpl.invoke(DelegatingMethodAccessorImpl.java:43)&#xa;"/>
         <system-out><![CDATA[15-05-2026T22:54:44 - [TEST_CASE][FAILED] - Test Cases/Authentication/Register/TC_AUTH_027_Register_Role_Persistence: Test Cases/Authentication/Register/TC_AUTH_027_Register_Role_Persistence FAILED.
Reason:
java.lang.AssertionError: Cannot access profile page. URL: http://localhost:5173/login. Expression: profileUrl.contains(/profile)
	at TC_AUTH_027_Register_Role_Persistence.run(TC_AUTH_027_Register_Role_Persistence:35)
	at com.kms.katalon.core.main.ScriptEngine.run(ScriptEngine.java:194)
	at com.kms.katalon.core.main.ScriptEngine.runScriptAsRawText(ScriptEngine.java:119)
	at com.kms.katalon.core.main.TestCaseExecutor.runScript(TestCaseExecutor.java:490)
	at com.kms.katalon.core.main.TestCaseExecutor.doExecute(TestCaseExecutor.java:481)
	at com.kms.katalon.core.main.TestCaseExecutor.processExecutionPhase(TestCaseExecutor.java:460)
	at com.kms.katalon.core.main.TestCaseExecutor.accessMainPhase(TestCaseExecutor.java:452)
	at com.kms.katalon.core.main.TestCaseExecutor.execute(TestCaseExecutor.java:322)
	at com.kms.katalon.core.common.CommonExecutor.accessTestCaseMainPhase(CommonExecutor.java:71)
	at com.kms.katalon.core.main.TestSuiteExecutor.accessTestSuiteMainPhase(TestSuiteExecutor.java:153)
	at com.kms.katalon.core.main.TestSuiteExecutor.execute(TestSuiteExecutor.java:110)
	at com.kms.katalon.core.main.TestCaseMain.startTestSuite(TestCaseMain.java:205)
	at TempTestSuite1778874773664.run(TempTestSuite1778874773664.groovy:35)
	at java.base/jdk.internal.reflect.NativeMethodAccessorImpl.invoke0(Native Method)
	at java.base/jdk.internal.reflect.NativeMethodAccessorImpl.invoke(NativeMethodAccessorImpl.java:77)
	at java.base/jdk.internal.reflect.DelegatingMethodAccessorImpl.invoke(DelegatingMethodAccessorImpl.java:43)


15-05-2026T22:54:44 - [TEST_STEP][PASSED] - openBrowser(""): Browser is opened with url: ''

15-05-2026T22:54:44 - [MESSAGE][INFO] - Starting 'Edge Chromium' driver

15-05-2026T22:54:44 - [MESSAGE][INFO] - Action delay is set to 0 milliseconds

15-05-2026T22:54:45 - [MESSAGE][PASSED] - Browser is opened with url: ''

15-05-2026T22:54:45 - [TEST_STEP][PASSED] - maximizeWindow(): Current window maximized

15-05-2026T22:54:45 - [MESSAGE][PASSED] - Current window maximized

15-05-2026T22:54:45 - [TEST_STEP][PASSED] - registerHelper = new authentication.Register_Keywords(): null

15-05-2026T22:54:45 - [TEST_STEP][PASSED] - loginHelper = new authentication.Login_Keywords(): null

15-05-2026T22:54:45 - [TEST_STEP][PASSED] - try: null

15-05-2026T22:54:45 - [TEST_STEP][PASSED] - registerHelper.navigateToRegister(): Object 'Object Repository/Authentication/RegisterPage/registerButton' is present

15-05-2026T22:54:46 - [MESSAGE][PASSED] - Navigate to 'http://localhost:5173/register' successfully

15-05-2026T22:54:46 - [MESSAGE][PASSED] - Wait for page load successfully

15-05-2026T22:54:46 - [MESSAGE][PASSED] - Object 'Object Repository/Authentication/RegisterPage/firstNameInput' is present

15-05-2026T22:54:46 - [MESSAGE][PASSED] - Object 'Object Repository/Authentication/RegisterPage/registerButton' is present

15-05-2026T22:54:46 - [TEST_STEP][PASSED] - uniqueEmail = registerHelper.generateUniqueEmail(): null

15-05-2026T22:54:46 - [TEST_STEP][PASSED] - password = "Password123!": null

15-05-2026T22:54:46 - [TEST_STEP][PASSED] - registerHelper.register("Role", "Persistence", uniqueEmail, password, "developer"): Wait for page load successfully

15-05-2026T22:54:46 - [MESSAGE][PASSED] - Current window's url is: 'http://localhost:5173/register'

15-05-2026T22:54:47 - [MESSAGE][PASSED] - Text of object 'Object Repository/Authentication/RegisterPage/firstNameInput' is cleared

15-05-2026T22:54:47 - [MESSAGE][PASSED] - Text 'Role' is set on object 'Object Repository/Authentication/RegisterPage/firstNameInput'

15-05-2026T22:54:48 - [MESSAGE][PASSED] - Text of object 'Object Repository/Authentication/RegisterPage/lastNameInput' is cleared

15-05-2026T22:54:49 - [MESSAGE][PASSED] - Text 'Persistence' is set on object 'Object Repository/Authentication/RegisterPage/lastNameInput'

15-05-2026T22:54:49 - [MESSAGE][PASSED] - Text of object 'Object Repository/Authentication/RegisterPage/emailInput' is cleared

15-05-2026T22:54:50 - [MESSAGE][PASSED] - Text 'testuser1778874886846@test.com' is set on object 'Object Repository/Authentication/RegisterPage/emailInput'

15-05-2026T22:54:50 - [MESSAGE][PASSED] - Text of object 'Object Repository/Authentication/RegisterPage/passwordInput' is cleared

15-05-2026T22:54:51 - [MESSAGE][PASSED] - Text 'Password123!' is set on object 'Object Repository/Authentication/RegisterPage/passwordInput'

15-05-2026T22:54:52 - [MESSAGE][PASSED] - All options with value 'developer' are selected in object 'Object Repository/Authentication/RegisterPage/roleSelect' 

15-05-2026T22:54:52 - [MESSAGE][PASSED] - Object: 'Object Repository/Authentication/RegisterPage/registerButton' is clicked on

15-05-2026T22:54:57 - [MESSAGE][PASSED] - Delayed 5 second(s)

15-05-2026T22:54:57 - [MESSAGE][PASSED] - Wait for page load successfully

15-05-2026T22:54:57 - [TEST_STEP][PASSED] - registerHelper.verifyRegistrationSuccess(): Current window's url is: 'http://localhost:5173/'

15-05-2026T22:54:57 - [MESSAGE][PASSED] - Wait for page load successfully

15-05-2026T22:55:00 - [MESSAGE][PASSED] - Delayed 3 second(s)

15-05-2026T22:55:00 - [MESSAGE][PASSED] - Current window's url is: 'http://localhost:5173/'

15-05-2026T22:55:00 - [TEST_STEP][PASSED] - println("✓ Registered as Developer"): null

15-05-2026T22:55:00 - [TEST_STEP][PASSED] - navigateToUrl("http://localhost:5173/login"): Navigate to 'http://localhost:5173/login' successfully

15-05-2026T22:55:00 - [MESSAGE][PASSED] - Navigate to 'http://localhost:5173/login' successfully

15-05-2026T22:55:00 - [TEST_STEP][PASSED] - waitForPageLoad(10): Wait for page load successfully

15-05-2026T22:55:00 - [MESSAGE][PASSED] - Wait for page load successfully

15-05-2026T22:55:00 - [TEST_STEP][PASSED] - loginHelper.login(uniqueEmail, password): Wait for page load successfully

15-05-2026T22:55:00 - [MESSAGE][PASSED] - Current window's url is: 'http://localhost:5173/login'

15-05-2026T22:55:01 - [MESSAGE][PASSED] - Text of object 'Object Repository/Authentication/LoginPage/emailInput' is cleared

15-05-2026T22:55:02 - [MESSAGE][PASSED] - Text 'testuser1778874886846@test.com' is set on object 'Object Repository/Authentication/LoginPage/emailInput'

15-05-2026T22:55:02 - [MESSAGE][PASSED] - Text of object 'Object Repository/Authentication/LoginPage/passwordInput' is cleared

15-05-2026T22:55:03 - [MESSAGE][PASSED] - Text 'Password123!' is set on object 'Object Repository/Authentication/LoginPage/passwordInput'

15-05-2026T22:55:04 - [MESSAGE][PASSED] - Object: 'Object Repository/Authentication/LoginPage/loginButton' is clicked on

15-05-2026T22:55:07 - [MESSAGE][PASSED] - Delayed 3 second(s)

15-05-2026T22:55:07 - [MESSAGE][PASSED] - Wait for page load successfully

15-05-2026T22:55:07 - [TEST_STEP][PASSED] - loginHelper.verifyLoginSuccess(): Current window's url is: 'http://localhost:5173/'

15-05-2026T22:55:07 - [MESSAGE][PASSED] - Wait for page load successfully

15-05-2026T22:55:09 - [MESSAGE][PASSED] - Delayed 2 second(s)

15-05-2026T22:55:09 - [MESSAGE][PASSED] - Current window's url is: 'http://localhost:5173/'

15-05-2026T22:55:09 - [TEST_STEP][PASSED] - println("✓ Re-login successful"): null

15-05-2026T22:55:09 - [TEST_STEP][PASSED] - navigateToUrl("http://localhost:5173/profile"): Navigate to 'http://localhost:5173/profile' successfully

15-05-2026T22:55:09 - [MESSAGE][PASSED] - Navigate to 'http://localhost:5173/profile' successfully

15-05-2026T22:55:09 - [TEST_STEP][PASSED] - waitForPageLoad(15): Wait for page load successfully

15-05-2026T22:55:10 - [MESSAGE][PASSED] - Wait for page load successfully

15-05-2026T22:55:10 - [TEST_STEP][PASSED] - delay(2): Delayed 2 second(s)

15-05-2026T22:55:12 - [MESSAGE][PASSED] - Delayed 2 second(s)

15-05-2026T22:55:12 - [TEST_STEP][PASSED] - profileUrl = getUrl(): Current window's url is: 'http://localhost:5173/login'

15-05-2026T22:55:12 - [MESSAGE][PASSED] - Current window's url is: 'http://localhost:5173/login'

15-05-2026T22:55:12 - [TEST_STEP][PASSED] - assert profileUrl.contains("/profile"): null

15-05-2026T22:55:12 - [TEST_STEP][FAILED] - Finally: Test Cases/Authentication/Register/TC_AUTH_027_Register_Role_Persistence FAILED.
Reason:
java.lang.AssertionError: Cannot access profile page. URL: http://localhost:5173/login. Expression: profileUrl.contains(/profile)
	at TC_AUTH_027_Register_Role_Persistence.run(TC_AUTH_027_Register_Role_Persistence:35)
	at com.kms.katalon.core.main.ScriptEngine.run(ScriptEngine.java:194)
	at com.kms.katalon.core.main.ScriptEngine.runScriptAsRawText(ScriptEngine.java:119)
	at com.kms.katalon.core.main.TestCaseExecutor.runScript(TestCaseExecutor.java:490)
	at com.kms.katalon.core.main.TestCaseExecutor.doExecute(TestCaseExecutor.java:481)
	at com.kms.katalon.core.main.TestCaseExecutor.processExecutionPhase(TestCaseExecutor.java:460)
	at com.kms.katalon.core.main.TestCaseExecutor.accessMainPhase(TestCaseExecutor.java:452)
	at com.kms.katalon.core.main.TestCaseExecutor.execute(TestCaseExecutor.java:322)
	at com.kms.katalon.core.common.CommonExecutor.accessTestCaseMainPhase(CommonExecutor.java:71)
	at com.kms.katalon.core.main.TestSuiteExecutor.accessTestSuiteMainPhase(TestSuiteExecutor.java:153)
	at com.kms.katalon.core.main.TestSuiteExecutor.execute(TestSuiteExecutor.java:110)
	at com.kms.katalon.core.main.TestCaseMain.startTestSuite(TestCaseMain.java:205)
	at TempTestSuite1778874773664.run(TempTestSuite1778874773664.groovy:35)
	at java.base/jdk.internal.reflect.NativeMethodAccessorImpl.invoke0(Native Method)
	at java.base/jdk.internal.reflect.NativeMethodAccessorImpl.invoke(NativeMethodAccessorImpl.java:77)
	at java.base/jdk.internal.reflect.DelegatingMethodAccessorImpl.invoke(DelegatingMethodAccessorImpl.java:43)


15-05-2026T22:55:12 - [TEST_STEP][FAILED] - closeBrowser(): Test Cases/Authentication/Register/TC_AUTH_027_Register_Role_Persistence FAILED.
Reason:
java.lang.AssertionError: Cannot access profile page. URL: http://localhost:5173/login. Expression: profileUrl.contains(/profile)
	at TC_AUTH_027_Register_Role_Persistence.run(TC_AUTH_027_Register_Role_Persistence:35)
	at com.kms.katalon.core.main.ScriptEngine.run(ScriptEngine.java:194)
	at com.kms.katalon.core.main.ScriptEngine.runScriptAsRawText(ScriptEngine.java:119)
	at com.kms.katalon.core.main.TestCaseExecutor.runScript(TestCaseExecutor.java:490)
	at com.kms.katalon.core.main.TestCaseExecutor.doExecute(TestCaseExecutor.java:481)
	at com.kms.katalon.core.main.TestCaseExecutor.processExecutionPhase(TestCaseExecutor.java:460)
	at com.kms.katalon.core.main.TestCaseExecutor.accessMainPhase(TestCaseExecutor.java:452)
	at com.kms.katalon.core.main.TestCaseExecutor.execute(TestCaseExecutor.java:322)
	at com.kms.katalon.core.common.CommonExecutor.accessTestCaseMainPhase(CommonExecutor.java:71)
	at com.kms.katalon.core.main.TestSuiteExecutor.accessTestSuiteMainPhase(TestSuiteExecutor.java:153)
	at com.kms.katalon.core.main.TestSuiteExecutor.execute(TestSuiteExecutor.java:110)
	at com.kms.katalon.core.main.TestCaseMain.startTestSuite(TestCaseMain.java:205)
	at TempTestSuite1778874773664.run(TempTestSuite1778874773664.groovy:35)
	at java.base/jdk.internal.reflect.NativeMethodAccessorImpl.invoke0(Native Method)
	at java.base/jdk.internal.reflect.NativeMethodAccessorImpl.invoke(NativeMethodAccessorImpl.java:77)
	at java.base/jdk.internal.reflect.DelegatingMethodAccessorImpl.invoke(DelegatingMethodAccessorImpl.java:43)


15-05-2026T22:55:12 - [MESSAGE][PASSED] - Browser is closed

15-05-2026T22:55:12 - [MESSAGE][FAILED] - Test Cases/Authentication/Register/TC_AUTH_027_Register_Role_Persistence FAILED.
Reason:
java.lang.AssertionError: Cannot access profile page. URL: http://localhost:5173/login. Expression: profileUrl.contains(/profile)
	at TC_AUTH_027_Register_Role_Persistence.run(TC_AUTH_027_Register_Role_Persistence:35)
	at com.kms.katalon.core.main.ScriptEngine.run(ScriptEngine.java:194)
	at com.kms.katalon.core.main.ScriptEngine.runScriptAsRawText(ScriptEngine.java:119)
	at com.kms.katalon.core.main.TestCaseExecutor.runScript(TestCaseExecutor.java:490)
	at com.kms.katalon.core.main.TestCaseExecutor.doExecute(TestCaseExecutor.java:481)
	at com.kms.katalon.core.main.TestCaseExecutor.processExecutionPhase(TestCaseExecutor.java:460)
	at com.kms.katalon.core.main.TestCaseExecutor.accessMainPhase(TestCaseExecutor.java:452)
	at com.kms.katalon.core.main.TestCaseExecutor.execute(TestCaseExecutor.java:322)
	at com.kms.katalon.core.common.CommonExecutor.accessTestCaseMainPhase(CommonExecutor.java:71)
	at com.kms.katalon.core.main.TestSuiteExecutor.accessTestSuiteMainPhase(TestSuiteExecutor.java:153)
	at com.kms.katalon.core.main.TestSuiteExecutor.execute(TestSuiteExecutor.java:110)
	at com.kms.katalon.core.main.TestCaseMain.startTestSuite(TestCaseMain.java:205)
	at TempTestSuite1778874773664.run(TempTestSuite1778874773664.groovy:35)
	at java.base/jdk.internal.reflect.NativeMethodAccessorImpl.invoke0(Native Method)
	at java.base/jdk.internal.reflect.NativeMethodAccessorImpl.invoke(NativeMethodAccessorImpl.java:77)
	at java.base/jdk.internal.reflect.DelegatingMethodAccessorImpl.invoke(DelegatingMethodAccessorImpl.java:43)]]></system-out>
         <system-err><![CDATA[15-05-2026T22:54:44 - [TEST_CASE][FAILED] - Test Cases/Authentication/Register/TC_AUTH_027_Register_Role_Persistence: Test Cases/Authentication/Register/TC_AUTH_027_Register_Role_Persistence FAILED.
Reason:
java.lang.AssertionError: Cannot access profile page. URL: http://localhost:5173/login. Expression: profileUrl.contains(/profile)
	at TC_AUTH_027_Register_Role_Persistence.run(TC_AUTH_027_Register_Role_Persistence:35)
	at com.kms.katalon.core.main.ScriptEngine.run(ScriptEngine.java:194)
	at com.kms.katalon.core.main.ScriptEngine.runScriptAsRawText(ScriptEngine.java:119)
	at com.kms.katalon.core.main.TestCaseExecutor.runScript(TestCaseExecutor.java:490)
	at com.kms.katalon.core.main.TestCaseExecutor.doExecute(TestCaseExecutor.java:481)
	at com.kms.katalon.core.main.TestCaseExecutor.processExecutionPhase(TestCaseExecutor.java:460)
	at com.kms.katalon.core.main.TestCaseExecutor.accessMainPhase(TestCaseExecutor.java:452)
	at com.kms.katalon.core.main.TestCaseExecutor.execute(TestCaseExecutor.java:322)
	at com.kms.katalon.core.common.CommonExecutor.accessTestCaseMainPhase(CommonExecutor.java:71)
	at com.kms.katalon.core.main.TestSuiteExecutor.accessTestSuiteMainPhase(TestSuiteExecutor.java:153)
	at com.kms.katalon.core.main.TestSuiteExecutor.execute(TestSuiteExecutor.java:110)
	at com.kms.katalon.core.main.TestCaseMain.startTestSuite(TestCaseMain.java:205)
	at TempTestSuite1778874773664.run(TempTestSuite1778874773664.groovy:35)
	at java.base/jdk.internal.reflect.NativeMethodAccessorImpl.invoke0(Native Method)
	at java.base/jdk.internal.reflect.NativeMethodAccessorImpl.invoke(NativeMethodAccessorImpl.java:77)
	at java.base/jdk.internal.reflect.DelegatingMethodAccessorImpl.invoke(DelegatingMethodAccessorImpl.java:43)]]></system-err>
      </testcase>
      <testcase name="Test Cases/Authentication/Register/TC_AUTH_026_Register_Auto_Login" time="14.745" classname="Test Cases/Authentication/Register/TC_AUTH_026_Register_Auto_Login" status="PASSED">
         <system-out><![CDATA[15-05-2026T22:55:12 - [TEST_CASE][PASSED] - Test Cases/Authentication/Register/TC_AUTH_026_Register_Auto_Login: Test Cases/Authentication/Register/TC_AUTH_026_Register_Auto_Login

15-05-2026T22:55:12 - [TEST_STEP][PASSED] - openBrowser(""): Browser is opened with url: ''

15-05-2026T22:55:12 - [MESSAGE][INFO] - Starting 'Edge Chromium' driver

15-05-2026T22:55:12 - [MESSAGE][INFO] - Action delay is set to 0 milliseconds

15-05-2026T22:55:13 - [MESSAGE][PASSED] - Browser is opened with url: ''

15-05-2026T22:55:13 - [TEST_STEP][PASSED] - maximizeWindow(): Current window maximized

15-05-2026T22:55:13 - [MESSAGE][PASSED] - Current window maximized

15-05-2026T22:55:13 - [TEST_STEP][PASSED] - registerHelper = new authentication.Register_Keywords(): null

15-05-2026T22:55:13 - [TEST_STEP][PASSED] - try: null

15-05-2026T22:55:13 - [TEST_STEP][PASSED] - registerHelper.navigateToRegister(): Object 'Object Repository/Authentication/RegisterPage/registerButton' is present

15-05-2026T22:55:14 - [MESSAGE][PASSED] - Navigate to 'http://localhost:5173/register' successfully

15-05-2026T22:55:14 - [MESSAGE][PASSED] - Wait for page load successfully

15-05-2026T22:55:15 - [MESSAGE][PASSED] - Object 'Object Repository/Authentication/RegisterPage/firstNameInput' is present

15-05-2026T22:55:15 - [MESSAGE][PASSED] - Object 'Object Repository/Authentication/RegisterPage/registerButton' is present

15-05-2026T22:55:15 - [TEST_STEP][PASSED] - uniqueEmail = registerHelper.generateUniqueEmail(): null

15-05-2026T22:55:15 - [TEST_STEP][PASSED] - registerHelper.register("Auto", "Login", uniqueEmail, "Password123!", "user"): Wait for page load successfully

15-05-2026T22:55:15 - [MESSAGE][PASSED] - Current window's url is: 'http://localhost:5173/register'

15-05-2026T22:55:15 - [MESSAGE][PASSED] - Text of object 'Object Repository/Authentication/RegisterPage/firstNameInput' is cleared

15-05-2026T22:55:16 - [MESSAGE][PASSED] - Text 'Auto' is set on object 'Object Repository/Authentication/RegisterPage/firstNameInput'

15-05-2026T22:55:16 - [MESSAGE][PASSED] - Text of object 'Object Repository/Authentication/RegisterPage/lastNameInput' is cleared

15-05-2026T22:55:17 - [MESSAGE][PASSED] - Text 'Login' is set on object 'Object Repository/Authentication/RegisterPage/lastNameInput'

15-05-2026T22:55:17 - [MESSAGE][PASSED] - Text of object 'Object Repository/Authentication/RegisterPage/emailInput' is cleared

15-05-2026T22:55:18 - [MESSAGE][PASSED] - Text 'testuser1778874915384@test.com' is set on object 'Object Repository/Authentication/RegisterPage/emailInput'

15-05-2026T22:55:19 - [MESSAGE][PASSED] - Text of object 'Object Repository/Authentication/RegisterPage/passwordInput' is cleared

15-05-2026T22:55:20 - [MESSAGE][PASSED] - Text 'Password123!' is set on object 'Object Repository/Authentication/RegisterPage/passwordInput'

15-05-2026T22:55:21 - [MESSAGE][PASSED] - All options with value 'user' are selected in object 'Object Repository/Authentication/RegisterPage/roleSelect' 

15-05-2026T22:55:21 - [MESSAGE][PASSED] - Object: 'Object Repository/Authentication/RegisterPage/registerButton' is clicked on

15-05-2026T22:55:26 - [MESSAGE][PASSED] - Delayed 5 second(s)

15-05-2026T22:55:26 - [MESSAGE][PASSED] - Wait for page load successfully

15-05-2026T22:55:26 - [TEST_STEP][PASSED] - currentUrl = getUrl(): Current window's url is: 'http://localhost:5173/'

15-05-2026T22:55:26 - [MESSAGE][PASSED] - Current window's url is: 'http://localhost:5173/'

15-05-2026T22:55:26 - [TEST_STEP][PASSED] - assert !(currentUrl.contains("/login")): null

15-05-2026T22:55:26 - [TEST_STEP][PASSED] - assert !(currentUrl.contains("/register")): null

15-05-2026T22:55:26 - [TEST_STEP][PASSED] - assert currentUrl == "http://localhost:5173/" || currentUrl == "http://localhost:5173": null

15-05-2026T22:55:26 - [TEST_STEP][PASSED] - println("✓ TC_AUTH_036 PASSED: Registration auto-logs in user"): null

15-05-2026T22:55:26 - [TEST_STEP][PASSED] - Finally: Browser is closed

15-05-2026T22:55:26 - [TEST_STEP][PASSED] - closeBrowser(): Browser is closed

15-05-2026T22:55:27 - [MESSAGE][PASSED] - Browser is closed]]></system-out>
         <system-err><![CDATA[]]></system-err>
      </testcase>
      <testcase name="Test Cases/Authentication/Register/TC_AUTH_025_Register_Password_Masking" time="3.333" classname="Test Cases/Authentication/Register/TC_AUTH_025_Register_Password_Masking" status="PASSED">
         <system-out><![CDATA[15-05-2026T22:55:27 - [TEST_CASE][PASSED] - Test Cases/Authentication/Register/TC_AUTH_025_Register_Password_Masking: Test Cases/Authentication/Register/TC_AUTH_025_Register_Password_Masking

15-05-2026T22:55:27 - [TEST_STEP][PASSED] - openBrowser(""): Browser is opened with url: ''

15-05-2026T22:55:27 - [MESSAGE][INFO] - Starting 'Edge Chromium' driver

15-05-2026T22:55:27 - [MESSAGE][INFO] - Action delay is set to 0 milliseconds

15-05-2026T22:55:28 - [MESSAGE][PASSED] - Browser is opened with url: ''

15-05-2026T22:55:28 - [TEST_STEP][PASSED] - maximizeWindow(): Current window maximized

15-05-2026T22:55:28 - [MESSAGE][PASSED] - Current window maximized

15-05-2026T22:55:28 - [TEST_STEP][PASSED] - registerHelper = new authentication.Register_Keywords(): null

15-05-2026T22:55:28 - [TEST_STEP][PASSED] - try: null

15-05-2026T22:55:28 - [TEST_STEP][PASSED] - registerHelper.navigateToRegister(): Object 'Object Repository/Authentication/RegisterPage/registerButton' is present

15-05-2026T22:55:29 - [MESSAGE][PASSED] - Navigate to 'http://localhost:5173/register' successfully

15-05-2026T22:55:29 - [MESSAGE][PASSED] - Wait for page load successfully

15-05-2026T22:55:29 - [MESSAGE][PASSED] - Object 'Object Repository/Authentication/RegisterPage/firstNameInput' is present

15-05-2026T22:55:30 - [MESSAGE][PASSED] - Object 'Object Repository/Authentication/RegisterPage/registerButton' is present

15-05-2026T22:55:30 - [TEST_STEP][PASSED] - passwordType = getAttribute(findTestObject("Authentication/RegisterPage/passwordInput"), "type"): Attribute 'type' of object 'Object Repository/Authentication/RegisterPage/passwordInput' is: 'password'

15-05-2026T22:55:30 - [MESSAGE][PASSED] - Attribute 'type' of object 'Object Repository/Authentication/RegisterPage/passwordInput' is: 'password'

15-05-2026T22:55:30 - [TEST_STEP][PASSED] - assert passwordType == "password": null

15-05-2026T22:55:30 - [TEST_STEP][PASSED] - println("✓ TC_AUTH_027 PASSED: Register password field is properly masked"): null

15-05-2026T22:55:30 - [TEST_STEP][PASSED] - Finally: Browser is closed

15-05-2026T22:55:30 - [TEST_STEP][PASSED] - closeBrowser(): Browser is closed

15-05-2026T22:55:30 - [MESSAGE][PASSED] - Browser is closed]]></system-out>
         <system-err><![CDATA[]]></system-err>
      </testcase>
      <testcase name="Test Cases/Authentication/Register/TC_AUTH_024_Register_Page_Elements" time="6.397" classname="Test Cases/Authentication/Register/TC_AUTH_024_Register_Page_Elements" status="PASSED">
         <system-out><![CDATA[15-05-2026T22:55:30 - [TEST_CASE][PASSED] - Test Cases/Authentication/Register/TC_AUTH_024_Register_Page_Elements: Test Cases/Authentication/Register/TC_AUTH_024_Register_Page_Elements

15-05-2026T22:55:30 - [TEST_STEP][PASSED] - openBrowser(""): Browser is opened with url: ''

15-05-2026T22:55:30 - [MESSAGE][INFO] - Starting 'Edge Chromium' driver

15-05-2026T22:55:30 - [MESSAGE][INFO] - Action delay is set to 0 milliseconds

15-05-2026T22:55:31 - [MESSAGE][PASSED] - Browser is opened with url: ''

15-05-2026T22:55:31 - [TEST_STEP][PASSED] - maximizeWindow(): Current window maximized

15-05-2026T22:55:31 - [MESSAGE][PASSED] - Current window maximized

15-05-2026T22:55:31 - [TEST_STEP][PASSED] - registerHelper = new authentication.Register_Keywords(): null

15-05-2026T22:55:31 - [TEST_STEP][PASSED] - try: null

15-05-2026T22:55:31 - [TEST_STEP][PASSED] - registerHelper.navigateToRegister(): Object 'Object Repository/Authentication/RegisterPage/registerButton' is present

15-05-2026T22:55:32 - [MESSAGE][PASSED] - Navigate to 'http://localhost:5173/register' successfully

15-05-2026T22:55:32 - [MESSAGE][PASSED] - Wait for page load successfully

15-05-2026T22:55:33 - [MESSAGE][PASSED] - Object 'Object Repository/Authentication/RegisterPage/firstNameInput' is present

15-05-2026T22:55:33 - [MESSAGE][PASSED] - Object 'Object Repository/Authentication/RegisterPage/registerButton' is present

15-05-2026T22:55:33 - [TEST_STEP][PASSED] - verifyElementPresent(findTestObject("Authentication/RegisterPage/pageTitle"), 10): Object 'Object Repository/Authentication/RegisterPage/pageTitle' is present

15-05-2026T22:55:33 - [MESSAGE][PASSED] - Object 'Object Repository/Authentication/RegisterPage/pageTitle' is present

15-05-2026T22:55:33 - [TEST_STEP][PASSED] - verifyElementPresent(findTestObject("Authentication/RegisterPage/firstNameInput"), 10): Object 'Object Repository/Authentication/RegisterPage/firstNameInput' is present

15-05-2026T22:55:33 - [MESSAGE][PASSED] - Object 'Object Repository/Authentication/RegisterPage/firstNameInput' is present

15-05-2026T22:55:33 - [TEST_STEP][PASSED] - verifyElementPresent(findTestObject("Authentication/RegisterPage/lastNameInput"), 10): Object 'Object Repository/Authentication/RegisterPage/lastNameInput' is present

15-05-2026T22:55:34 - [MESSAGE][PASSED] - Object 'Object Repository/Authentication/RegisterPage/lastNameInput' is present

15-05-2026T22:55:34 - [TEST_STEP][PASSED] - verifyElementPresent(findTestObject("Authentication/RegisterPage/emailInput"), 10): Object 'Object Repository/Authentication/RegisterPage/emailInput' is present

15-05-2026T22:55:34 - [MESSAGE][PASSED] - Object 'Object Repository/Authentication/RegisterPage/emailInput' is present

15-05-2026T22:55:34 - [TEST_STEP][PASSED] - verifyElementPresent(findTestObject("Authentication/RegisterPage/passwordInput"), 10): Object 'Object Repository/Authentication/RegisterPage/passwordInput' is present

15-05-2026T22:55:34 - [MESSAGE][PASSED] - Object 'Object Repository/Authentication/RegisterPage/passwordInput' is present

15-05-2026T22:55:34 - [TEST_STEP][PASSED] - verifyElementPresent(findTestObject("Authentication/RegisterPage/roleLabel"), 10): Object 'Object Repository/Authentication/RegisterPage/roleLabel' is present

15-05-2026T22:55:34 - [MESSAGE][PASSED] - Object 'Object Repository/Authentication/RegisterPage/roleLabel' is present

15-05-2026T22:55:34 - [TEST_STEP][PASSED] - verifyElementPresent(findTestObject("Authentication/RegisterPage/roleSelect"), 10): Object 'Object Repository/Authentication/RegisterPage/roleSelect' is present

15-05-2026T22:55:35 - [MESSAGE][PASSED] - Object 'Object Repository/Authentication/RegisterPage/roleSelect' is present

15-05-2026T22:55:35 - [TEST_STEP][PASSED] - verifyElementPresent(findTestObject("Authentication/RegisterPage/passwordRequirements"), 10): Object 'Object Repository/Authentication/RegisterPage/passwordRequirements' is present

15-05-2026T22:55:35 - [MESSAGE][PASSED] - Object 'Object Repository/Authentication/RegisterPage/passwordRequirements' is present

15-05-2026T22:55:35 - [TEST_STEP][PASSED] - verifyElementPresent(findTestObject("Authentication/RegisterPage/registerButton"), 10): Object 'Object Repository/Authentication/RegisterPage/registerButton' is present

15-05-2026T22:55:35 - [MESSAGE][PASSED] - Object 'Object Repository/Authentication/RegisterPage/registerButton' is present

15-05-2026T22:55:35 - [TEST_STEP][PASSED] - verifyElementPresent(findTestObject("Authentication/RegisterPage/loginLink"), 10): Object 'Object Repository/Authentication/RegisterPage/loginLink' is present

15-05-2026T22:55:36 - [MESSAGE][PASSED] - Object 'Object Repository/Authentication/RegisterPage/loginLink' is present

15-05-2026T22:55:36 - [TEST_STEP][PASSED] - println("✓ TC_AUTH_025 PASSED: All Register page elements present"): null

15-05-2026T22:55:36 - [TEST_STEP][PASSED] - Finally: Browser is closed

15-05-2026T22:55:36 - [TEST_STEP][PASSED] - closeBrowser(): Browser is closed

15-05-2026T22:55:37 - [MESSAGE][PASSED] - Browser is closed]]></system-out>
         <system-err><![CDATA[]]></system-err>
      </testcase>
      <testcase name="Test Cases/Authentication/Register/TC_AUTH_023_Register_Maximum_Password_Length" time="28.5" classname="Test Cases/Authentication/Register/TC_AUTH_023_Register_Maximum_Password_Length" status="FAILED">
         <failure type="FAILED" message="Test Cases/Authentication/Register/TC_AUTH_023_Register_Maximum_Password_Length FAILED.&#xa;Reason:&#xa;com.kms.katalon.core.exception.StepFailedException: Unable to verify object 'Object Repository/Authentication/RegisterPage/errorMessage' is present&#xa;	at com.kms.katalon.core.webui.keyword.internal.WebUIKeywordMain.stepFailed(WebUIKeywordMain.groovy:177)&#xa;	at com.kms.katalon.core.webui.keyword.internal.WebUIKeywordMain.runKeyword(WebUIKeywordMain.groovy:49)&#xa;	at com.kms.katalon.core.webui.keyword.builtin.VerifyElementPresentKeyword.verifyElementPresent(VerifyElementPresentKeyword.groovy:95)&#xa;	at com.kms.katalon.core.webui.keyword.builtin.VerifyElementPresentKeyword.execute(VerifyElementPresentKeyword.groovy:68)&#xa;	at com.kms.katalon.core.keyword.internal.KeywordExecutor.executeKeywordForPlatform(KeywordExecutor.groovy:90)&#xa;	at com.kms.katalon.core.webui.keyword.WebUiBuiltInKeywords.verifyElementPresent(WebUiBuiltInKeywords.groovy:1565)&#xa;	at TC_AUTH_023_Register_Maximum_Password_Length.run(TC_AUTH_023_Register_Maximum_Password_Length:19)&#xa;	at com.kms.katalon.core.main.ScriptEngine.run(ScriptEngine.java:194)&#xa;	at com.kms.katalon.core.main.ScriptEngine.runScriptAsRawText(ScriptEngine.java:119)&#xa;	at com.kms.katalon.core.main.TestCaseExecutor.runScript(TestCaseExecutor.java:490)&#xa;	at com.kms.katalon.core.main.TestCaseExecutor.doExecute(TestCaseExecutor.java:481)&#xa;	at com.kms.katalon.core.main.TestCaseExecutor.processExecutionPhase(TestCaseExecutor.java:460)&#xa;	at com.kms.katalon.core.main.TestCaseExecutor.accessMainPhase(TestCaseExecutor.java:452)&#xa;	at com.kms.katalon.core.main.TestCaseExecutor.execute(TestCaseExecutor.java:322)&#xa;	at com.kms.katalon.core.common.CommonExecutor.accessTestCaseMainPhase(CommonExecutor.java:71)&#xa;	at com.kms.katalon.core.main.TestSuiteExecutor.accessTestSuiteMainPhase(TestSuiteExecutor.java:153)&#xa;	at com.kms.katalon.core.main.TestSuiteExecutor.execute(TestSuiteExecutor.java:110)&#xa;	at com.kms.katalon.core.main.TestCaseMain.startTestSuite(TestCaseMain.java:205)&#xa;	at TempTestSuite1778874773664.run(TempTestSuite1778874773664.groovy:35)&#xa;	at java.base/jdk.internal.reflect.NativeMethodAccessorImpl.invoke0(Native Method)&#xa;	at java.base/jdk.internal.reflect.NativeMethodAccessorImpl.invoke(NativeMethodAccessorImpl.java:77)&#xa;	at java.base/jdk.internal.reflect.DelegatingMethodAccessorImpl.invoke(DelegatingMethodAccessorImpl.java:43)&#xa;Caused by: com.kms.katalon.core.exception.StepFailedException: com.kms.katalon.core.webui.exception.WebElementNotFoundException: Web element with id: 'Object Repository/Authentication/RegisterPage/errorMessage' located by 'By.xpath: //p[contains(@class, 'text-red-500')]' not found&#xa;	at com.kms.katalon.core.webui.keyword.internal.WebUIKeywordMain.stepFailed(WebUIKeywordMain.groovy:177)&#xa;	at com.kms.katalon.core.webui.keyword.builtin.VerifyElementPresentKeyword$_verifyElementPresent_closure1.doCall(VerifyElementPresentKeyword.groovy:88)&#xa;	at com.kms.katalon.core.webui.keyword.builtin.VerifyElementPresentKeyword$_verifyElementPresent_closure1.call(VerifyElementPresentKeyword.groovy)&#xa;	at com.kms.katalon.core.webui.keyword.internal.WebUIKeywordMain.runKeyword(WebUIKeywordMain.groovy:41)&#xa;	... 20 more&#xa;"/>
         <system-out><![CDATA[15-05-2026T22:55:37 - [TEST_CASE][FAILED] - Test Cases/Authentication/Register/TC_AUTH_023_Register_Maximum_Password_Length: Test Cases/Authentication/Register/TC_AUTH_023_Register_Maximum_Password_Length FAILED.
Reason:
com.kms.katalon.core.exception.StepFailedException: Unable to verify object 'Object Repository/Authentication/RegisterPage/errorMessage' is present
[...]
	at com.kms.katalon.core.webui.model.WebUiElementFinderWithTimeout.lambda$0(WebUiElementFinderWithTimeout.java:29)
	at com.kms.katalon.core.webui.model.SeleniumActionRetryController.performAction(SeleniumActionRetryController.java:96)
	at com.kms.katalon.core.webui.model.SeleniumActionRetryController.performAction(SeleniumActionRetryController.java:83)
	at com.kms.katalon.core.webui.model.WebUiElementFinderWithTimeout.findElement(WebUiElementFinderWithTimeout.java:28)
	at com.kms.katalon.core.webui.keyword.internal.WebUIAbstractKeyword.findWebElement(WebUIAbstractKeyword.groovy:96)
	at com.kms.katalon.core.webui.keyword.builtin.GetTextKeyword$_getText_closure1.doCall(GetTextKeyword.groovy:82)
	at java.base/jdk.internal.reflect.NativeMethodAccessorImpl.invoke0(Native Method)
	at java.base/jdk.internal.reflect.NativeMethodAccessorImpl.invoke(NativeMethodAccessorImpl.java:77)
	at java.base/jdk.internal.reflect.DelegatingMethodAccessorImpl.invoke(DelegatingMethodAccessorImpl.java:43)
	at jdk.proxy2/jdk.proxy2.$Proxy50.execute(Unknown Source)
	at com.kms.katalon.core.webui.model.SeleniumActionRetryController.performAction(SeleniumActionRetryController.java:96)
	at com.kms.katalon.core.webui.model.SeleniumActionRetryController.performAction(SeleniumActionRetryController.java:83)
	at com.kms.katalon.core.webui.keyword.internal.WebUIKeywordMain$_runKeywordUntilTimeout_closure1.doCall(WebUIKeywordMain.groovy:135)
	at com.kms.katalon.core.webui.keyword.internal.WebUIKeywordMain$_runKeywordUntilTimeout_closure1.call(WebUIKeywordMain.groovy)
	at com.kms.katalon.core.webui.keyword.internal.WebUIKeywordMain.runKeyword(WebUIKeywordMain.groovy:41)
	... 22 more
)

15-05-2026T23:00:56 - [TEST_STEP][PASSED] - forgotPasswordHelper.navigateToForgotPassword(): Object 'Object Repository/Authentication/ForgotPasswordPage/submitButton' is present

15-05-2026T23:00:57 - [MESSAGE][PASSED] - Navigate to 'http://localhost:5173/forget-password' successfully

15-05-2026T23:00:57 - [MESSAGE][PASSED] - Wait for page load successfully

15-05-2026T23:00:58 - [MESSAGE][PASSED] - Object 'Object Repository/Authentication/ForgotPasswordPage/emailInput' is present

15-05-2026T23:00:58 - [MESSAGE][PASSED] - Object 'Object Repository/Authentication/ForgotPasswordPage/submitButton' is present

15-05-2026T23:00:58 - [TEST_STEP][PASSED] - forgotPasswordHelper.submitForgotPassword("admin@realestate.com"): Delayed 3 second(s)

15-05-2026T23:00:58 - [MESSAGE][PASSED] - Current window's url is: 'http://localhost:5173/forget-password'

15-05-2026T23:00:58 - [MESSAGE][PASSED] - Text of object 'Object Repository/Authentication/ForgotPasswordPage/emailInput' is cleared

15-05-2026T23:00:59 - [MESSAGE][PASSED] - Text 'admin@realestate.com' is set on object 'Object Repository/Authentication/ForgotPasswordPage/emailInput'

15-05-2026T23:00:59 - [MESSAGE][PASSED] - Object: 'Object Repository/Authentication/ForgotPasswordPage/submitButton' is clicked on

15-05-2026T23:01:02 - [MESSAGE][PASSED] - Delayed 3 second(s)

15-05-2026T23:01:02 - [TEST_STEP][FAILED] - forgotPasswordHelper.verifyResetLinkSent(): Unable to get text of object 'Object Repository/Authentication/ForgotPasswordPage/successMessage' (Root cause: com.kms.katalon.core.exception.StepFailedException: Unable to get text of object 'Object Repository/Authentication/ForgotPasswordPage/successMessage'
	at com.kms.katalon.core.webui.keyword.internal.WebUIKeywordMain.stepFailed(WebUIKeywordMain.groovy:177)
	at com.kms.katalon.core.webui.keyword.internal.WebUIKeywordMain.runKeyword(WebUIKeywordMain.groovy:49)
	at com.kms.katalon.core.webui.keyword.internal.WebUIKeywordMain.runKeywordUntilTimeout(WebUIKeywordMain.groovy:133)
	at com.kms.katalon.core.webui.keyword.builtin.GetTextKeyword.getText(GetTextKeyword.groovy:92)
	at com.kms.katalon.core.webui.keyword.builtin.GetTextKeyword.execute(GetTextKeyword.groovy:67)
	at com.kms.katalon.core.keyword.internal.KeywordExecutor.executeKeywordForPlatform(KeywordExecutor.groovy:90)
	at com.kms.katalon.core.webui.keyword.WebUiBuiltInKeywords.getText(WebUiBuiltInKeywords.groovy:1019)
	at authentication.ForgotPassword_Keywords.verifyResetLinkSent(ForgotPassword_Keywords.groovy:77)
	at Script.run(Script.groovy:16)
	at com.kms.katalon.core.main.ScriptEngine.run(ScriptEngine.java:194)
	at com.kms.katalon.core.main.ScriptEngine.runScriptAsRawText(ScriptEngine.java:119)
	at com.kms.katalon.core.main.TestCaseExecutor.runScript(TestCaseExecutor.java:490)
	at com.kms.katalon.core.main.TestCaseExecutor.doExecute(TestCaseExecutor.java:481)
	at com.kms.katalon.core.main.TestCaseExecutor.processExecutionPhase(TestCaseExecutor.java:460)
	at com.kms.katalon.core.main.TestCaseExecutor.accessMainPhase(TestCaseExecutor.java:452)
	at com.kms.katalon.core.main.TestCaseExecutor.execute(TestCaseExecutor.java:322)
	at com.kms.katalon.core.common.CommonExecutor.accessTestCaseMainPhase(CommonExecutor.java:71)
	at com.kms.katalon.core.main.TestSuiteExecutor.accessTestSuiteMainPhase(TestSuiteExecutor.java:153)
	at com.kms.katalon.core.main.TestSuiteExecutor.execute(TestSuiteExecutor.java:110)
	at com.kms.katalon.core.main.TestCaseMain.startTestSuite(TestCaseMain.java:205)
	at TempTestSuite1778874773664.run(TempTestSuite1778874773664.groovy:35)
	at java.base/jdk.internal.reflect.NativeMethodAccessorImpl.invoke0(Native Method)
	at java.base/jdk.internal.reflect.NativeMethodAccessorImpl.invoke(NativeMethodAccessorImpl.java:77)
	at java.base/jdk.internal.reflect.DelegatingMethodAccessorImpl.invoke(DelegatingMethodAccessorImpl.java:43)
Caused by: com.kms.katalon.core.webui.exception.WebElementNotFoundException: Web element with id: 'Object Repository/Authentication/ForgotPasswordPage/successMessage' located by 'By.xpath: //div[contains(@class, 'bg-green-500') or contains(@class, 'text-green') or contains(@class, 'success')]' not found
	at com.kms.katalon.core.webui.model.WebUiElementFinder.findElementByNormalMethods(WebUiElementFinder.java:193)
	at com.kms.katalon.core.webui.model.WebUiElementFinder.findElementsBySelectedMethod(WebUiElementFinder.java:91)
	at com.kms.katalon.core.webui.model.WebUiElementFinder.findElementsBySelectedMethod(WebUiElementFinder.java:74)
	at com.kms.katalon.core.webui.model.WebUiElementFinder.findElementsBySelectedMethod(WebUiElementFinder.java:69)
	at com.kms.katalon.core.webui.model.WebUiElementFinder.findElement(WebUiElementFinder.java:43)
	at com.kms.katalon.core.webui.model.WebUiElementFinderWithTimeout.basicFindElement(WebUiElementFinderWithTimeout.java:50)
	at com.kms.katalon.core.webui.model.WebUiElementFinderWithTimeout.lambda$0(WebUiElementFinderWithTimeout.java:29)
	at com.kms.katalon.core.webui.model.SeleniumActionRetryController.performAction(SeleniumActionRetryController.java:96)
	at com.kms.katalon.core.webui.model.SeleniumActionRetryController.performAction(SeleniumActionRetryController.java:83)
	at com.kms.katalon.core.webui.model.WebUiElementFinderWithTimeout.findElement(WebUiElementFinderWithTimeout.java:28)
	at com.kms.katalon.core.webui.keyword.internal.WebUIAbstractKeyword.findWebElement(WebUIAbstractKeyword.groovy:96)
	at com.kms.katalon.core.webui.keyword.builtin.GetTextKeyword$_getText_closure1.doCall(GetTextKeyword.groovy:82)
	at java.base/jdk.internal.reflect.NativeMethodAccessorImpl.invoke0(Native Method)
	at java.base/jdk.internal.reflect.NativeMethodAccessorImpl.invoke(NativeMethodAccessorImpl.java:77)
	at java.base/jdk.internal.reflect.DelegatingMethodAccessorImpl.invoke(DelegatingMethodAccessorImpl.java:43)
	at jdk.proxy2/jdk.proxy2.$Proxy50.execute(Unknown Source)
	at com.kms.katalon.core.webui.model.SeleniumActionRetryController.performAction(SeleniumActionRetryController.java:96)
	at com.kms.katalon.core.webui.model.SeleniumActionRetryController.performAction(SeleniumActionRetryController.java:83)
	at com.kms.katalon.core.webui.keyword.internal.WebUIKeywordMain$_runKeywordUntilTimeout_closure1.doCall(WebUIKeywordMain.groovy:135)
	at com.kms.katalon.core.webui.keyword.internal.WebUIKeywordMain$_runKeywordUntilTimeout_closure1.call(WebUIKeywordMain.groovy)
	at com.kms.katalon.core.webui.keyword.internal.WebUIKeywordMain.runKeyword(WebUIKeywordMain.groovy:41)
	... 22 more
)

15-05-2026T23:01:12 - [MESSAGE][WARNING] - Object 'Object Repository/Authentication/ForgotPasswordPage/successMessage' is not present after 10 second(s)

15-05-2026T23:01:15 - [MESSAGE][FAILED] - Unable to get text of object 'Object Repository/Authentication/ForgotPasswordPage/successMessage' (Root cause: com.kms.katalon.core.exception.StepFailedException: Unable to get text of object 'Object Repository/Authentication/ForgotPasswordPage/successMessage'
	at com.kms.katalon.core.webui.keyword.internal.WebUIKeywordMain.stepFailed(WebUIKeywordMain.groovy:177)
	at com.kms.katalon.core.webui.keyword.internal.WebUIKeywordMain.runKeyword(WebUIKeywordMain.groovy:49)
	at com.kms.katalon.core.webui.keyword.internal.WebUIKeywordMain.runKeywordUntilTimeout(WebUIKeywordMain.groovy:133)
	at com.kms.katalon.core.webui.keyword.builtin.GetTextKeyword.getText(GetTextKeyword.groovy:92)
	at com.kms.katalon.core.webui.keyword.builtin.GetTextKeyword.execute(GetTextKeyword.groovy:67)
	at com.kms.katalon.core.keyword.internal.KeywordExecutor.executeKeywordForPlatform(KeywordExecutor.groovy:90)
	at com.kms.katalon.core.webui.keyword.WebUiBuiltInKeywords.getText(WebUiBuiltInKeywords.groovy:1019)
	at authentication.ForgotPassword_Keywords.verifyResetLinkSent(ForgotPassword_Keywords.groovy:77)
	at Script.run(Script.groovy:16)
	at com.kms.katalon.core.main.ScriptEngine.run(ScriptEngine.java:194)
	at com.kms.katalon.core.main.ScriptEngine.runScriptAsRawText(ScriptEngine.java:119)
	at com.kms.katalon.core.main.TestCaseExecutor.runScript(TestCaseExecutor.java:490)
	at com.kms.katalon.core.main.TestCaseExecutor.doExecute(TestCaseExecutor.java:481)
	at com.kms.katalon.core.main.TestCaseExecutor.processExecutionPhase(TestCaseExecutor.java:460)
	at com.kms.katalon.core.main.TestCaseExecutor.accessMainPhase(TestCaseExecutor.java:452)
	at com.kms.katalon.core.main.TestCaseExecutor.execute(TestCaseExecutor.java:322)
	at com.kms.katalon.core.common.CommonExecutor.accessTestCaseMainPhase(CommonExecutor.java:71)
	at com.kms.katalon.core.main.TestSuiteExecutor.accessTestSuiteMainPhase(TestSuiteExecutor.java:153)
	at com.kms.katalon.core.main.TestSuiteExecutor.execute(TestSuiteExecutor.java:110)
	at com.kms.katalon.core.main.TestCaseMain.startTestSuite(TestCaseMain.java:205)
	at TempTestSuite1778874773664.run(TempTestSuite1778874773664.groovy:35)
	at java.base/jdk.internal.reflect.NativeMethodAccessorImpl.invoke0(Native Method)
	at java.base/jdk.internal.reflect.NativeMethodAccessorImpl.invoke(NativeMethodAccessorImpl.java:77)
	at java.base/jdk.internal.reflect.DelegatingMethodAccessorImpl.invoke(DelegatingMethodAccessorImpl.java:43)
Caused by: com.kms.katalon.core.webui.exception.WebElementNotFoundException: Web element with id: 'Object Repository/Authentication/ForgotPasswordPage/successMessage' located by 'By.xpath: //div[contains(@class, 'bg-green-500') or contains(@class, 'text-green') or contains(@class, 'success')]' not found
	at com.kms.katalon.core.webui.model.WebUiElementFinder.findElementByNormalMethods(WebUiElementFinder.java:193)
	at com.kms.katalon.core.webui.model.WebUiElementFinder.findElementsBySelectedMethod(WebUiElementFinder.java:91)
	at com.kms.katalon.core.webui.model.WebUiElementFinder.findElementsBySelectedMethod(WebUiElementFinder.java:74)
	at com.kms.katalon.core.webui.model.WebUiElementFinder.findElementsBySelectedMethod(WebUiElementFinder.java:69)
	at com.kms.katalon.core.webui.model.WebUiElementFinder.findElement(WebUiElementFinder.java:43)
	at com.kms.katalon.core.webui.model.WebUiElementFinderWithTimeout.basicFindElement(WebUiElementFinderWithTimeout.java:50)
	at com.kms.katalon.core.webui.model.WebUiElementFinderWithTimeout.lambda$0(WebUiElementFinderWithTimeout.java:29)
	at com.kms.katalon.core.webui.model.SeleniumActionRetryController.performAction(SeleniumActionRetryController.java:96)
	at com.kms.katalon.core.webui.model.SeleniumActionRetryController.performAction(SeleniumActionRetryController.java:83)
	at com.kms.katalon.core.webui.model.WebUiElementFinderWithTimeout.findElement(WebUiElementFinderWithTimeout.java:28)
	at com.kms.katalon.core.webui.keyword.internal.WebUIAbstractKeyword.findWebElement(WebUIAbstractKeyword.groovy:96)
	at com.kms.katalon.core.webui.keyword.builtin.GetTextKeyword$_getText_closure1.doCall(GetTextKeyword.groovy:82)
	at java.base/jdk.internal.reflect.NativeMethodAccessorImpl.invoke0(Native Method)
	at java.base/jdk.internal.reflect.NativeMethodAccessorImpl.invoke(NativeMethodAccessorImpl.java:77)
	at java.base/jdk.internal.reflect.DelegatingMethodAccessorImpl.invoke(DelegatingMethodAccessorImpl.java:43)
	at jdk.proxy2/jdk.proxy2.$Proxy50.execute(Unknown Source)
	at com.kms.katalon.core.webui.model.SeleniumActionRetryController.performAction(SeleniumActionRetryController.java:96)
	at com.kms.katalon.core.webui.model.SeleniumActionRetryController.performAction(SeleniumActionRetryController.java:83)
	at com.kms.katalon.core.webui.keyword.internal.WebUIKeywordMain$_runKeywordUntilTimeout_closure1.doCall(WebUIKeywordMain.groovy:135)
	at com.kms.katalon.core.webui.keyword.internal.WebUIKeywordMain$_runKeywordUntilTimeout_closure1.call(WebUIKeywordMain.groovy)
	at com.kms.katalon.core.webui.keyword.internal.WebUIKeywordMain.runKeyword(WebUIKeywordMain.groovy:41)
	... 22 more
)
[[ATTACHMENT|D:\\Uni\\Semester 7\\Service-Oriented Computing\\Project\\Real-Estate-Microservices\\Katalon\\Reports\\20260515_225237\\TS_Authentication_Complete\\20260515_225253\\1778875275875.png]]

15-05-2026T23:01:15 - [TEST_STEP][PASSED] - catch (Exception e): null

15-05-2026T23:01:15 - [TEST_STEP][PASSED] - comment("❌ TC_AUTH_011 FAILED: " + e.getMessage()): ❌ TC_AUTH_011 FAILED: Unable to get text of object 'Object Repository/Authentication/ForgotPasswordPage/successMessage'

15-05-2026T23:01:15 - [MESSAGE][INFO] - ❌ TC_AUTH_011 FAILED: Unable to get text of object 'Object Repository/Authentication/ForgotPasswordPage/successMessage'

15-05-2026T23:01:15 - [TEST_STEP][PASSED] - throw e: null

15-05-2026T23:01:15 - [TEST_STEP][PASSED] - Finally: Browser is closed

15-05-2026T23:01:15 - [TEST_STEP][PASSED] - closeBrowser(): Browser is closed

15-05-2026T23:01:16 - [MESSAGE][PASSED] - Browser is closed]]></system-out>
         <system-err><![CDATA[15-05-2026T23:00:55 - [TEST_CASE][FAILED] - Test Cases/Authentication/ForgotPassword/TC_AUTH_028_ForgotPassword_Valid_Email: Test Cases/Authentication/ForgotPassword/TC_AUTH_028_ForgotPassword_Valid_Email FAILED.
Reason:
com.kms.katalon.core.exception.StepFailedException: Unable to get text of object 'Object Repository/Authentication/ForgotPasswordPage/successMessage'
	at com.kms.katalon.core.webui.keyword.internal.WebUIKeywordMain.stepFailed(WebUIKeywordMain.groovy:177)
	at com.kms.katalon.core.webui.keyword.internal.WebUIKeywordMain.runKeyword(WebUIKeywordMain.groovy:49)
	at com.kms.katalon.core.webui.keyword.internal.WebUIKeywordMain.runKeywordUntilTimeout(WebUIKeywordMain.groovy:133)
	at com.kms.katalon.core.webui.keyword.builtin.GetTextKeyword.getText(GetTextKeyword.groovy:92)
	at com.kms.katalon.core.webui.keyword.builtin.GetTextKeyword.execute(GetTextKeyword.groovy:67)
	at com.kms.katalon.core.keyword.internal.KeywordExecutor.executeKeywordForPlatform(KeywordExecutor.groovy:90)
	at com.kms.katalon.core.webui.keyword.WebUiBuiltInKeywords.getText(WebUiBuiltInKeywords.groovy:1019)
	at authentication.ForgotPassword_Keywords.verifyResetLinkSent(ForgotPassword_Keywords.groovy:77)
	at Script.run(Script.groovy:16)
	at com.kms.katalon.core.main.ScriptEngine.run(ScriptEngine.java:194)
	at com.kms.katalon.core.main.ScriptEngine.runScriptAsRawText(ScriptEngine.java:119)
	at com.kms.katalon.core.main.TestCaseExecutor.runScript(TestCaseExecutor.java:490)
	at com.kms.katalon.core.main.TestCaseExecutor.doExecute(TestCaseExecutor.java:481)
	at com.kms.katalon.core.main.TestCaseExecutor.processExecutionPhase(TestCaseExecutor.java:460)
	at com.kms.katalon.core.main.TestCaseExecutor.accessMainPhase(TestCaseExecutor.java:452)
	at com.kms.katalon.core.main.TestCaseExecutor.execute(TestCaseExecutor.java:322)
	at com.kms.katalon.core.common.CommonExecutor.accessTestCaseMainPhase(CommonExecutor.java:71)
	at com.kms.katalon.core.main.TestSuiteExecutor.accessTestSuiteMainPhase(TestSuiteExecutor.java:153)
	at com.kms.katalon.core.main.TestSuiteExecutor.execute(TestSuiteExecutor.java:110)
	at com.kms.katalon.core.main.TestCaseMain.startTestSuite(TestCaseMain.java:205)
	at TempTestSuite1778874773664.run(TempTestSuite1778874773664.groovy:35)
	at java.base/jdk.internal.reflect.NativeMethodAccessorImpl.invoke0(Native Method)
	at java.base/jdk.internal.reflect.NativeMethodAccessorImpl.invoke(NativeMethodAccessorImpl.java:77)
	at java.base/jdk.internal.reflect.DelegatingMethodAccessorImpl.invoke(DelegatingMethodAccessorImpl.java:43)
Caused by: com.kms.katalon.core.webui.exception.WebElementNotFoundException: Web element with id: 'Object Repository/Authentication/ForgotPasswordPage/successMessage' located by 'By.xpath: //div[contains(@class, 'bg-green-500') or contains(@class, 'text-green') or contains(@class, 'success')]' not found
	at com.kms.katalon.core.webui.model.WebUiElementFinder.findElementByNormalMethods(WebUiElementFinder.java:193)
	at com.kms.katalon.core.webui.model.WebUiElementFinder.findElementsBySelectedMethod(WebUiElementFinder.java:91)
	at com.kms.katalon.core.webui.model.WebUiElementFinder.findElementsBySelectedMethod(WebUiElementFinder.java:74)
	at com.kms.katalon.core.webui.model.WebUiElementFinder.findElementsBySelectedMethod(WebUiElementFinder.java:69)
	at com.kms.katalon.core.webui.model.WebUiElementFinder.findElement(WebUiElementFinder.java:43)
	at com.kms.katalon.core.webui.model.WebUiElementFinderWithTimeout.basicFindElement(WebUiElementFinderWithTimeout.java:50)
	at com.kms.katalon.core.webui.model.WebUiElementFinderWithTimeout.lambda$0(WebUiElementFinderWithTimeout.java:29)
	at com.kms.katalon.core.webui.model.SeleniumActionRetryController.performAction(SeleniumActionRetryController.java:96)
	at com.kms.katalon.core.webui.model.SeleniumActionRetryController.performAction(SeleniumActionRetryController.java:83)
	at com.kms.katalon.core.webui.model.WebUiElementFinderWithTimeout.findElement(WebUiElementFinderWithTimeout.java:28)
	at com.kms.katalon.core.webui.keyword.internal.WebUIAbstractKeyword.findWebElement(WebUIAbstractKeyword.groovy:96)
	at com.kms.katalon.core.webui.keyword.builtin.GetTextKeyword$_getText_closure1.doCall(GetTextKeyword.groovy:82)
	at java.base/jdk.internal.reflect.NativeMethodAccessorImpl.invoke0(Native Method)
	at java.base/jdk.internal.reflect.NativeMethodAccessorImpl.invoke(NativeMethodAccessorImpl.java:77)
	at java.base/jdk.internal.reflect.DelegatingMethodAccessorImpl.invoke(DelegatingMethodAccessorImpl.java:43)
	at jdk.proxy2/jdk.proxy2.$Proxy50.execute(Unknown Source)
	at com.kms.katalon.core.webui.model.SeleniumActionRetryController.performAction(SeleniumActionRetryController.java:96)
	at com.kms.katalon.core.webui.model.SeleniumActionRetryController.performAction(SeleniumActionRetryController.java:83)
	at com.kms.katalon.core.webui.keyword.internal.WebUIKeywordMain$_runKeywordUntilTimeout_closure1.doCall(WebUIKeywordMain.groovy:135)
	at com.kms.katalon.core.webui.keyword.internal.WebUIKeywordMain$_runKeywordUntilTimeout_closure1.call(WebUIKeywordMain.groovy)
	at com.kms.katalon.core.webui.keyword.internal.WebUIKeywordMain.runKeyword(WebUIKeywordMain.groovy:41)
	... 22 more]]></system-err>
      </testcase>
      <system-out><![CDATA[15-05-2026T22:53:27 - [TEST_SUITE][FAILED] - TS_Authentication_Complete: null]]></system-out>
      <system-err><![CDATA[15-05-2026T22:53:27 - [TEST_SUITE][FAILED] - TS_Authentication_Complete: null]]></system-err>
   </testsuite>
</testsuites>
